Copyright 1986-2022 Xilinx, Inc. All Rights Reserved. Copyright 2022-2023 Advanced Micro Devices, Inc. All Rights Reserved.
---------------------------------------------------------------------------------------------------------------------------------------------
| Tool Version : Vivado v.2023.2 (win64) Build 4029153 Fri Oct 13 20:14:34 MDT 2023
| Date         : Sat Mar 16 19:12:46 2024
| Host         : JKUNDRATALAPTOP running 64-bit major release  (build 9200)
| Command      : report_timing -sort_by group -max_paths 100 -path_type summary -file ./fpga_output/post_route_timing.rpt
| Design       : fpga_top_lvl
| Device       : 7a35t-cpg236
| Speed File   : -1  PRODUCTION 1.23 2018-06-13
| Design State : Routed
---------------------------------------------------------------------------------------------------------------------------------------------

Timing Report

Startpoint                     Endpoint                       Slack(ns)     
----------------------------------------------------------------------------
counter_reg[3]/C               counter_reg[13]/R              6.046         
counter_reg[3]/C               counter_reg[14]/R              6.046         
counter_reg[3]/C               counter_reg[15]/R              6.046         
counter_reg[3]/C               counter_reg[5]/R               6.064         
counter_reg[3]/C               counter_reg[6]/R               6.064         
counter_reg[3]/C               counter_reg[7]/R               6.064         
counter_reg[3]/C               counter_reg[8]/R               6.064         
counter_reg[3]/C               counter_reg[10]/R              6.123         
counter_reg[3]/C               counter_reg[11]/R              6.123         
counter_reg[3]/C               counter_reg[12]/R              6.123         
counter_reg[3]/C               counter_reg[9]/R               6.123         
counter_reg[3]/C               counter_reg[0]/R               6.161         
counter_reg[3]/C               counter_reg[1]/R               6.178         
counter_reg[3]/C               counter_reg[2]/R               6.178         
counter_reg[3]/C               counter_reg[3]/R               6.178         
counter_reg[3]/C               counter_reg[4]/R               6.178         
counter_reg[3]/C               clk_10kHz_reg/D                6.636         
counter_reg[2]/C               counter_reg[14]/D              7.531         
counter_reg[2]/C               counter_reg[15]/D              7.626         
counter_reg[2]/C               counter_reg[13]/D              7.642         
counter_reg[2]/C               counter_reg[10]/D              7.668         
counter_reg[2]/C               counter_reg[12]/D              7.689         
counter_reg[2]/C               counter_reg[11]/D              7.763         
counter_reg[2]/C               counter_reg[9]/D               7.779         
counter_reg[2]/C               counter_reg[6]/D               7.784         
counter_reg[2]/C               counter_reg[8]/D               7.805         
counter_reg[2]/C               counter_reg[7]/D               7.879         
counter_reg[2]/C               counter_reg[5]/D               7.895         
counter_reg[2]/C               counter_reg[4]/D               8.051         
counter_reg[2]/C               counter_reg[3]/D               8.111         
counter_reg[2]/C               counter_reg[2]/D               8.464         
counter_reg[0]/C               counter_reg[1]/D               8.659         
counter_reg[0]/C               counter_reg[0]/D               8.899         



