#-----------------------------------------------------------
# Vivado v2023.2 (64-bit)
# SW Build 4029153 on Fri Oct 13 20:14:34 MDT 2023
# IP Build 4028589 on Sat Oct 14 00:45:43 MDT 2023
# SharedData Build 4025554 on Tue Oct 10 17:18:54 MDT 2023
# Start of session at: Mon Apr 15 11:38:44 2024
# Process ID: 1192
# Current directory: C:/Users/juric/OneDrive/Dokumenti/csit-luks/tt06-csit-luks/fpga
# Command line: vivado.exe -mode batch -source fpga.tcl
# Log file: C:/Users/juric/OneDrive/Dokumenti/csit-luks/tt06-csit-luks/fpga/vivado.log
# Journal file: C:/Users/juric/OneDrive/Dokumenti/csit-luks/tt06-csit-luks/fpga\vivado.jou
# Running On: JKUNDRATALAPTOP, OS: Windows, CPU Frequency: 2304 MHz, CPU Physical cores: 2, Host memory: 12728 MB
#-----------------------------------------------------------
source fpga.tcl
# set_param general.maxThreads 8
# set outputDir ./fpga_output             
# file mkdir $outputDir
# read_verilog  [ glob ../src/rotational_encoder/rotational_encoder.v ]
read_verilog: Time (s): cpu = 00:00:05 ; elapsed = 00:00:12 . Memory (MB): peak = 452.188 ; gain = 182.906
# read_verilog  [ glob ../src/seven_seg/seven_seg.v ]
# read_verilog  [ glob ../src/fsm/fsm_auto.v ]
# read_verilog  [ glob ../src/spi_flash/spi_flash.v ]
# read_verilog  [ glob ../src/spi_sensor/spi_sensor.v ]
# read_verilog  [ glob ../src/tt_um_csit_luks.v ]
# read_verilog  [ glob ../src/fpga/fpga_top_lvl.v ]
# read_xdc ./fpga.xdc
# synth_design -top fpga_top_lvl -part xc7a35tcpg236-1 -flatten rebuilt -define DEBUG
Command: synth_design -top fpga_top_lvl -part xc7a35tcpg236-1 -flatten rebuilt -define DEBUG
Starting synth_design
Attempting to get a license for feature 'Synthesis' and/or device 'xc7a35t'
INFO: [Common 17-349] Got license for feature 'Synthesis' and/or device 'xc7a35t'
INFO: [Device 21-403] Loading part xc7a35tcpg236-1
INFO: [Synth 8-7079] Multithreading enabled for synth_design using a maximum of 4 processes.
INFO: [Synth 8-7078] Launching helper process for spawning children vivado processes
INFO: [Synth 8-7075] Helper process launched with PID 20420
---------------------------------------------------------------------------------
Starting RTL Elaboration : Time (s): cpu = 00:00:05 ; elapsed = 00:00:10 . Memory (MB): peak = 1285.699 ; gain = 441.020
---------------------------------------------------------------------------------
WARNING: [Synth 8-9535] ignoring re-definition of command line macro 'DEBUG' [C:/Users/juric/OneDrive/Dokumenti/csit-luks/tt06-csit-luks/src/fpga/fpga_top_lvl.v:3]
INFO: [Synth 8-6157] synthesizing module 'fpga_top_lvl' [C:/Users/juric/OneDrive/Dokumenti/csit-luks/tt06-csit-luks/src/fpga/fpga_top_lvl.v:4]
INFO: [Synth 8-6157] synthesizing module 'tt_um_csit_luks' [C:/Users/juric/OneDrive/Dokumenti/csit-luks/tt06-csit-luks/src/tt_um_csit_luks.v:8]
INFO: [Synth 8-6157] synthesizing module 'rotational_encoder' [C:/Users/juric/OneDrive/Dokumenti/csit-luks/tt06-csit-luks/src/rotational_encoder/rotational_encoder.v:32]
INFO: [Synth 8-6155] done synthesizing module 'rotational_encoder' (0#1) [C:/Users/juric/OneDrive/Dokumenti/csit-luks/tt06-csit-luks/src/rotational_encoder/rotational_encoder.v:32]
INFO: [Synth 8-6157] synthesizing module 'seven_seg' [C:/Users/juric/OneDrive/Dokumenti/csit-luks/tt06-csit-luks/src/seven_seg/seven_seg.v:26]
INFO: [Synth 8-226] default block is never used [C:/Users/juric/OneDrive/Dokumenti/csit-luks/tt06-csit-luks/src/seven_seg/seven_seg.v:40]
INFO: [Synth 8-226] default block is never used [C:/Users/juric/OneDrive/Dokumenti/csit-luks/tt06-csit-luks/src/seven_seg/seven_seg.v:78]
INFO: [Synth 8-6155] done synthesizing module 'seven_seg' (0#1) [C:/Users/juric/OneDrive/Dokumenti/csit-luks/tt06-csit-luks/src/seven_seg/seven_seg.v:26]
INFO: [Synth 8-6157] synthesizing module 'fsm' [C:/Users/juric/OneDrive/Dokumenti/csit-luks/tt06-csit-luks/src/fsm/fsm_auto.v:21]
INFO: [Synth 8-6155] done synthesizing module 'fsm' (0#1) [C:/Users/juric/OneDrive/Dokumenti/csit-luks/tt06-csit-luks/src/fsm/fsm_auto.v:21]
INFO: [Synth 8-6157] synthesizing module 'spi_flash' [C:/Users/juric/OneDrive/Dokumenti/csit-luks/tt06-csit-luks/src/spi_flash/spi_flash.v:21]
INFO: [Synth 8-226] default block is never used [C:/Users/juric/OneDrive/Dokumenti/csit-luks/tt06-csit-luks/src/spi_flash/spi_flash.v:57]
INFO: [Synth 8-6155] done synthesizing module 'spi_flash' (0#1) [C:/Users/juric/OneDrive/Dokumenti/csit-luks/tt06-csit-luks/src/spi_flash/spi_flash.v:21]
INFO: [Synth 8-6157] synthesizing module 'spi_sensor' [C:/Users/juric/OneDrive/Dokumenti/csit-luks/tt06-csit-luks/src/spi_sensor/spi_sensor.v:23]
INFO: [Synth 8-6155] done synthesizing module 'spi_sensor' (0#1) [C:/Users/juric/OneDrive/Dokumenti/csit-luks/tt06-csit-luks/src/spi_sensor/spi_sensor.v:23]
INFO: [Synth 8-6155] done synthesizing module 'tt_um_csit_luks' (0#1) [C:/Users/juric/OneDrive/Dokumenti/csit-luks/tt06-csit-luks/src/tt_um_csit_luks.v:8]
WARNING: [Synth 8-4446] all outputs are unconnected for this instance and logic may be removed [C:/Users/juric/OneDrive/Dokumenti/csit-luks/tt06-csit-luks/src/fpga/fpga_top_lvl.v:97]
INFO: [Synth 8-6157] synthesizing module 'STARTUPE2' [C:/Xilinx/Vivado/2023.2/scripts/rt/data/unisim_comp.v:133907]
	Parameter PROG_USR bound to: FALSE - type: string 
	Parameter SIM_CCLK_FREQ bound to: 0.000000 - type: double 
INFO: [Synth 8-6155] done synthesizing module 'STARTUPE2' (0#1) [C:/Xilinx/Vivado/2023.2/scripts/rt/data/unisim_comp.v:133907]
INFO: [Synth 8-6155] done synthesizing module 'fpga_top_lvl' (0#1) [C:/Users/juric/OneDrive/Dokumenti/csit-luks/tt06-csit-luks/src/fpga/fpga_top_lvl.v:4]
WARNING: [Synth 8-7137] Register address_reg in module spi_flash has both Set and reset with same priority. This may cause simulation mismatches. Consider rewriting code  [C:/Users/juric/OneDrive/Dokumenti/csit-luks/tt06-csit-luks/src/spi_flash/spi_flash.v:60]
WARNING: [Synth 8-7137] Register bit_counter_reg in module spi_flash has both Set and reset with same priority. This may cause simulation mismatches. Consider rewriting code  [C:/Users/juric/OneDrive/Dokumenti/csit-luks/tt06-csit-luks/src/spi_flash/spi_flash.v:63]
WARNING: [Synth 8-7129] Port ui_in[7] in module tt_um_csit_luks is either unconnected or has no load
WARNING: [Synth 8-7129] Port ui_in[6] in module tt_um_csit_luks is either unconnected or has no load
WARNING: [Synth 8-7129] Port ui_in[5] in module tt_um_csit_luks is either unconnected or has no load
WARNING: [Synth 8-7129] Port uio_in[7] in module tt_um_csit_luks is either unconnected or has no load
WARNING: [Synth 8-7129] Port uio_in[6] in module tt_um_csit_luks is either unconnected or has no load
WARNING: [Synth 8-7129] Port uio_in[5] in module tt_um_csit_luks is either unconnected or has no load
WARNING: [Synth 8-7129] Port uio_in[4] in module tt_um_csit_luks is either unconnected or has no load
WARNING: [Synth 8-7129] Port uio_in[3] in module tt_um_csit_luks is either unconnected or has no load
WARNING: [Synth 8-7129] Port uio_in[2] in module tt_um_csit_luks is either unconnected or has no load
WARNING: [Synth 8-7129] Port uio_in[1] in module tt_um_csit_luks is either unconnected or has no load
WARNING: [Synth 8-7129] Port uio_in[0] in module tt_um_csit_luks is either unconnected or has no load
---------------------------------------------------------------------------------
Finished RTL Elaboration : Time (s): cpu = 00:00:06 ; elapsed = 00:00:13 . Memory (MB): peak = 1400.922 ; gain = 556.242
---------------------------------------------------------------------------------
---------------------------------------------------------------------------------
Start Handling Custom Attributes
---------------------------------------------------------------------------------
---------------------------------------------------------------------------------
Finished Handling Custom Attributes : Time (s): cpu = 00:00:06 ; elapsed = 00:00:13 . Memory (MB): peak = 1400.922 ; gain = 556.242
---------------------------------------------------------------------------------
---------------------------------------------------------------------------------
Finished RTL Optimization Phase 1 : Time (s): cpu = 00:00:06 ; elapsed = 00:00:13 . Memory (MB): peak = 1400.922 ; gain = 556.242
---------------------------------------------------------------------------------
Netlist sorting complete. Time (s): cpu = 00:00:00 ; elapsed = 00:00:00.010 . Memory (MB): peak = 1400.922 ; gain = 0.000
INFO: [Netlist 29-17] Analyzing 1 Unisim elements for replacement
INFO: [Netlist 29-28] Unisim Transformation completed in 1 CPU seconds
INFO: [Project 1-570] Preparing netlist for logic optimization

Processing XDC Constraints
Initializing timing engine
Parsing XDC File [C:/Users/juric/OneDrive/Dokumenti/csit-luks/tt06-csit-luks/fpga/fpga.xdc]
Finished Parsing XDC File [C:/Users/juric/OneDrive/Dokumenti/csit-luks/tt06-csit-luks/fpga/fpga.xdc]
INFO: [Project 1-236] Implementation specific constraints were found while reading constraint file [C:/Users/juric/OneDrive/Dokumenti/csit-luks/tt06-csit-luks/fpga/fpga.xdc]. These constraints will be ignored for synthesis but will be used in implementation. Impacted constraints are listed in the file [.Xil/fpga_top_lvl_propImpl.xdc].
Resolution: To avoid this warning, move constraints listed in [.Xil/fpga_top_lvl_propImpl.xdc] to another XDC file and exclude this new file from synthesis with the used_in_synthesis property (File Properties dialog in GUI) and re-run elaboration/synthesis.
Completed Processing XDC Constraints

Netlist sorting complete. Time (s): cpu = 00:00:00 ; elapsed = 00:00:00.001 . Memory (MB): peak = 1463.125 ; gain = 0.000
INFO: [Project 1-111] Unisim Transformation Summary:
No Unisim elements were transformed.

Constraint Validation Runtime : Time (s): cpu = 00:00:00 ; elapsed = 00:00:00.012 . Memory (MB): peak = 1463.125 ; gain = 0.000
---------------------------------------------------------------------------------
Finished Constraint Validation : Time (s): cpu = 00:00:13 ; elapsed = 00:00:32 . Memory (MB): peak = 1463.125 ; gain = 618.445
---------------------------------------------------------------------------------
---------------------------------------------------------------------------------
Start Loading Part and Timing Information
---------------------------------------------------------------------------------
Loading part: xc7a35tcpg236-1
---------------------------------------------------------------------------------
Finished Loading Part and Timing Information : Time (s): cpu = 00:00:13 ; elapsed = 00:00:32 . Memory (MB): peak = 1463.125 ; gain = 618.445
---------------------------------------------------------------------------------
---------------------------------------------------------------------------------
Start Applying 'set_property' XDC Constraints
---------------------------------------------------------------------------------
---------------------------------------------------------------------------------
Finished applying 'set_property' XDC Constraints : Time (s): cpu = 00:00:13 ; elapsed = 00:00:32 . Memory (MB): peak = 1463.125 ; gain = 618.445
---------------------------------------------------------------------------------
INFO: [Synth 8-802] inferred FSM for state register 'state_reg' in module 'spi_flash'
INFO: [Synth 8-802] inferred FSM for state register 'state_reg' in module 'spi_sensor'
---------------------------------------------------------------------------------------------------
                   State |                     New Encoding |                Previous Encoding 
---------------------------------------------------------------------------------------------------
                    IDLE |                               00 |                               00
                SEND_CMD |                               01 |                               01
               READ_DATA |                               10 |                               10
              DATA_READY |                               11 |                               11
---------------------------------------------------------------------------------------------------
INFO: [Synth 8-3354] encoded FSM with state register 'state_reg' using encoding 'sequential' in module 'spi_flash'
---------------------------------------------------------------------------------------------------
                   State |                     New Encoding |                Previous Encoding 
---------------------------------------------------------------------------------------------------
                    IDLE |                              000 |                              000
        START_CONVERSION |                              001 |                              001
                READ_ADC |                              010 |                              010
         TRAILING_ZEROES |                              011 |                              011
              DATA_READY |                              100 |                              100
                  iSTATE |                              101 |                              111
*
---------------------------------------------------------------------------------------------------
INFO: [Synth 8-3354] encoded FSM with state register 'state_reg' using encoding 'sequential' in module 'spi_sensor'
---------------------------------------------------------------------------------
Finished RTL Optimization Phase 2 : Time (s): cpu = 00:00:13 ; elapsed = 00:00:33 . Memory (MB): peak = 1463.125 ; gain = 618.445
---------------------------------------------------------------------------------
---------------------------------------------------------------------------------
Start RTL Component Statistics 
---------------------------------------------------------------------------------
Detailed RTL Component Info : 
+---Adders : 
	   2 Input   16 Bit       Adders := 1     
	   2 Input   12 Bit       Adders := 1     
	   2 Input    8 Bit       Adders := 1     
	   2 Input    5 Bit       Adders := 1     
	   2 Input    4 Bit       Adders := 3     
	   2 Input    2 Bit       Adders := 1     
+---Registers : 
	               24 Bit    Registers := 2     
	               16 Bit    Registers := 1     
	               12 Bit    Registers := 1     
	                8 Bit    Registers := 3     
	                5 Bit    Registers := 1     
	                4 Bit    Registers := 9     
	                2 Bit    Registers := 3     
	                1 Bit    Registers := 13    
+---Muxes : 
	  12 Input   24 Bit        Muxes := 1     
	   2 Input   12 Bit        Muxes := 3     
	  16 Input    8 Bit        Muxes := 8     
	  13 Input    8 Bit        Muxes := 1     
	   2 Input    8 Bit        Muxes := 5     
	   7 Input    8 Bit        Muxes := 4     
	  19 Input    8 Bit        Muxes := 2     
	   5 Input    8 Bit        Muxes := 1     
	   4 Input    8 Bit        Muxes := 1     
	   6 Input    5 Bit        Muxes := 1     
	   2 Input    4 Bit        Muxes := 2     
	   4 Input    4 Bit        Muxes := 3     
	  12 Input    4 Bit        Muxes := 5     
	   3 Input    4 Bit        Muxes := 4     
	   8 Input    4 Bit        Muxes := 1     
	   3 Input    3 Bit        Muxes := 1     
	   4 Input    3 Bit        Muxes := 2     
	   2 Input    3 Bit        Muxes := 3     
	  12 Input    3 Bit        Muxes := 1     
	   6 Input    3 Bit        Muxes := 1     
	   5 Input    2 Bit        Muxes := 1     
	   2 Input    2 Bit        Muxes := 3     
	  12 Input    2 Bit        Muxes := 1     
	   4 Input    2 Bit        Muxes := 1     
	   3 Input    1 Bit        Muxes := 2     
	   5 Input    1 Bit        Muxes := 1     
	   2 Input    1 Bit        Muxes := 12    
	  12 Input    1 Bit        Muxes := 9     
	  13 Input    1 Bit        Muxes := 1     
	   4 Input    1 Bit        Muxes := 10    
	   6 Input    1 Bit        Muxes := 9     
---------------------------------------------------------------------------------
Finished RTL Component Statistics 
---------------------------------------------------------------------------------
---------------------------------------------------------------------------------
Start Part Resource Summary
---------------------------------------------------------------------------------
Part Resources:
DSPs: 90 (col length:60)
BRAMs: 100 (col length: RAMB18 60 RAMB36 30)
---------------------------------------------------------------------------------
Finished Part Resource Summary
---------------------------------------------------------------------------------
---------------------------------------------------------------------------------
Start Cross Boundary and Area Optimization
---------------------------------------------------------------------------------
WARNING: [Synth 8-7080] Parallel synthesis criteria is not met
---------------------------------------------------------------------------------
Finished Cross Boundary and Area Optimization : Time (s): cpu = 00:00:15 ; elapsed = 00:00:39 . Memory (MB): peak = 1463.125 ; gain = 618.445
---------------------------------------------------------------------------------
---------------------------------------------------------------------------------
Start Applying XDC Timing Constraints
---------------------------------------------------------------------------------
---------------------------------------------------------------------------------
Finished Applying XDC Timing Constraints : Time (s): cpu = 00:00:16 ; elapsed = 00:00:49 . Memory (MB): peak = 1463.125 ; gain = 618.445
---------------------------------------------------------------------------------
---------------------------------------------------------------------------------
Start Timing Optimization
---------------------------------------------------------------------------------
---------------------------------------------------------------------------------
Finished Timing Optimization : Time (s): cpu = 00:00:16 ; elapsed = 00:00:50 . Memory (MB): peak = 1463.125 ; gain = 618.445
---------------------------------------------------------------------------------
---------------------------------------------------------------------------------
Start Technology Mapping
---------------------------------------------------------------------------------
---------------------------------------------------------------------------------
Finished Technology Mapping : Time (s): cpu = 00:00:16 ; elapsed = 00:00:50 . Memory (MB): peak = 1463.125 ; gain = 618.445
---------------------------------------------------------------------------------
---------------------------------------------------------------------------------
Start IO Insertion
---------------------------------------------------------------------------------
---------------------------------------------------------------------------------
Start Flattening Before IO Insertion
---------------------------------------------------------------------------------
---------------------------------------------------------------------------------
Finished Flattening Before IO Insertion
---------------------------------------------------------------------------------
---------------------------------------------------------------------------------
Start Final Netlist Cleanup
---------------------------------------------------------------------------------
---------------------------------------------------------------------------------
Finished Final Netlist Cleanup
---------------------------------------------------------------------------------
---------------------------------------------------------------------------------
Finished IO Insertion : Time (s): cpu = 00:00:19 ; elapsed = 00:01:01 . Memory (MB): peak = 1463.125 ; gain = 618.445
---------------------------------------------------------------------------------
---------------------------------------------------------------------------------
Start Renaming Generated Instances
---------------------------------------------------------------------------------
---------------------------------------------------------------------------------
Finished Renaming Generated Instances : Time (s): cpu = 00:00:19 ; elapsed = 00:01:01 . Memory (MB): peak = 1463.125 ; gain = 618.445
---------------------------------------------------------------------------------
---------------------------------------------------------------------------------
Start Rebuilding User Hierarchy
---------------------------------------------------------------------------------
---------------------------------------------------------------------------------
Finished Rebuilding User Hierarchy : Time (s): cpu = 00:00:19 ; elapsed = 00:01:01 . Memory (MB): peak = 1463.125 ; gain = 618.445
---------------------------------------------------------------------------------
---------------------------------------------------------------------------------
Start Renaming Generated Ports
---------------------------------------------------------------------------------
---------------------------------------------------------------------------------
Finished Renaming Generated Ports : Time (s): cpu = 00:00:19 ; elapsed = 00:01:01 . Memory (MB): peak = 1463.125 ; gain = 618.445
---------------------------------------------------------------------------------
---------------------------------------------------------------------------------
Start Handling Custom Attributes
---------------------------------------------------------------------------------
---------------------------------------------------------------------------------
Finished Handling Custom Attributes : Time (s): cpu = 00:00:19 ; elapsed = 00:01:01 . Memory (MB): peak = 1463.125 ; gain = 618.445
---------------------------------------------------------------------------------
---------------------------------------------------------------------------------
Start Renaming Generated Nets
---------------------------------------------------------------------------------
---------------------------------------------------------------------------------
Finished Renaming Generated Nets : Time (s): cpu = 00:00:19 ; elapsed = 00:01:01 . Memory (MB): peak = 1463.125 ; gain = 618.445
---------------------------------------------------------------------------------
---------------------------------------------------------------------------------
Start Writing Synthesis Report
---------------------------------------------------------------------------------

Report BlackBoxes: 
+-+--------------+----------+
| |BlackBox name |Instances |
+-+--------------+----------+
+-+--------------+----------+

Report Cell Usage: 
+------+----------+------+
|      |Cell      |Count |
+------+----------+------+
|1     |BUFG      |     2|
|2     |CARRY4    |     7|
|3     |LUT1      |     2|
|4     |LUT2      |    36|
|5     |LUT3      |    12|
|6     |LUT4      |    25|
|7     |LUT5      |    23|
|8     |LUT6      |    91|
|9     |MUXF7     |    17|
|10    |MUXF8     |     8|
|11    |STARTUPE2 |     1|
|12    |FDCE      |    87|
|13    |FDPE      |     5|
|14    |FDRE      |    40|
|15    |IBUF      |     6|
|16    |OBUF      |    26|
+------+----------+------+
---------------------------------------------------------------------------------
Finished Writing Synthesis Report : Time (s): cpu = 00:00:19 ; elapsed = 00:01:01 . Memory (MB): peak = 1463.125 ; gain = 618.445
---------------------------------------------------------------------------------
Synthesis finished with 0 errors, 0 critical warnings and 1 warnings.
Synthesis Optimization Runtime : Time (s): cpu = 00:00:10 ; elapsed = 00:00:55 . Memory (MB): peak = 1463.125 ; gain = 556.242
Synthesis Optimization Complete : Time (s): cpu = 00:00:19 ; elapsed = 00:01:01 . Memory (MB): peak = 1463.125 ; gain = 618.445
INFO: [Project 1-571] Translating synthesized netlist
Netlist sorting complete. Time (s): cpu = 00:00:00 ; elapsed = 00:00:00.008 . Memory (MB): peak = 1463.125 ; gain = 0.000
INFO: [Netlist 29-17] Analyzing 33 Unisim elements for replacement
INFO: [Netlist 29-28] Unisim Transformation completed in 0 CPU seconds
INFO: [Project 1-570] Preparing netlist for logic optimization
Parsing XDC File [C:/Users/juric/OneDrive/Dokumenti/csit-luks/tt06-csit-luks/fpga/fpga.xdc]
Finished Parsing XDC File [C:/Users/juric/OneDrive/Dokumenti/csit-luks/tt06-csit-luks/fpga/fpga.xdc]
INFO: [Opt 31-138] Pushed 0 inverter(s) to 0 load pin(s).
Netlist sorting complete. Time (s): cpu = 00:00:00 ; elapsed = 00:00:00 . Memory (MB): peak = 1463.125 ; gain = 0.000
INFO: [Project 1-111] Unisim Transformation Summary:
No Unisim elements were transformed.

Synth Design complete | Checksum: e53d8bb
INFO: [Common 17-83] Releasing license: Synthesis
40 Infos, 16 Warnings, 0 Critical Warnings and 0 Errors encountered.
synth_design completed successfully
synth_design: Time (s): cpu = 00:00:22 ; elapsed = 00:01:13 . Memory (MB): peak = 1463.125 ; gain = 1010.938
# write_checkpoint -force $outputDir/post_synth
INFO: [Timing 38-480] Writing timing data to binary archive.
Write ShapeDB Complete: Time (s): cpu = 00:00:00 ; elapsed = 00:00:00.019 . Memory (MB): peak = 1463.125 ; gain = 0.000
Wrote PlaceDB: Time (s): cpu = 00:00:00 ; elapsed = 00:00:00.012 . Memory (MB): peak = 1463.125 ; gain = 0.000
Wrote PulsedLatchDB: Time (s): cpu = 00:00:00 ; elapsed = 00:00:00 . Memory (MB): peak = 1463.125 ; gain = 0.000
Writing XDEF routing.
Writing XDEF routing logical nets.
Writing XDEF routing special nets.
Wrote RouteStorage: Time (s): cpu = 00:00:00 ; elapsed = 00:00:00.170 . Memory (MB): peak = 1463.125 ; gain = 0.000
Wrote Netlist Cache: Time (s): cpu = 00:00:00 ; elapsed = 00:00:00.001 . Memory (MB): peak = 1463.125 ; gain = 0.000
Wrote Device Cache: Time (s): cpu = 00:00:00 ; elapsed = 00:00:00.063 . Memory (MB): peak = 1463.125 ; gain = 0.000
Write Physdb Complete: Time (s): cpu = 00:00:00 ; elapsed = 00:00:00.377 . Memory (MB): peak = 1463.125 ; gain = 0.000
INFO: [Common 17-1381] The checkpoint 'C:/Users/juric/OneDrive/Dokumenti/csit-luks/tt06-csit-luks/fpga/fpga_output/post_synth.dcp' has been generated.
# report_timing_summary -file $outputDir/post_synth_timing_summary.rpt
INFO: [Timing 38-35] Done setting XDC timing constraints.
INFO: [Timing 38-91] UpdateTimingParams: Speed grade: -1, Delay Type: min_max.
INFO: [Timing 38-191] Multithreading enabled for timing update using a maximum of 4 CPUs
report_timing_summary: Time (s): cpu = 00:00:03 ; elapsed = 00:00:09 . Memory (MB): peak = 1637.867 ; gain = 174.742
# report_power -file $outputDir/post_synth_power.rpt
Command: report_power -file ./fpga_output/post_synth_power.rpt
INFO: [Power 33-23] Power model is not available for STARTUPE2_inst
Running Vector-less Activity Propagation...

Finished Running Vector-less Activity Propagation
1 Infos, 0 Warnings, 0 Critical Warnings and 0 Errors encountered.
report_power completed successfully
# opt_design
Command: opt_design
Attempting to get a license for feature 'Implementation' and/or device 'xc7a35t'
INFO: [Common 17-349] Got license for feature 'Implementation' and/or device 'xc7a35t'
Running DRC as a precondition to command opt_design

Starting DRC Task
INFO: [DRC 23-27] Running DRC with 4 threads
INFO: [Project 1-461] DRC finished with 0 Errors
INFO: [Project 1-462] Please refer to the DRC report (report_drc) for more information.

Time (s): cpu = 00:00:01 ; elapsed = 00:00:02 . Memory (MB): peak = 1668.500 ; gain = 0.000

Starting Cache Timing Information Task
Ending Cache Timing Information Task | Checksum: ef4e4d7e

Time (s): cpu = 00:00:00 ; elapsed = 00:00:00.002 . Memory (MB): peak = 1668.500 ; gain = 0.000

Starting Logic Optimization Task

Phase 1 Initialization

Phase 1.1 Core Generation And Design Setup
Phase 1.1 Core Generation And Design Setup | Checksum: ef4e4d7e

Time (s): cpu = 00:00:00 ; elapsed = 00:00:00.005 . Memory (MB): peak = 2013.344 ; gain = 0.000

Phase 1.2 Setup Constraints And Sort Netlist
Phase 1.2 Setup Constraints And Sort Netlist | Checksum: ef4e4d7e

Time (s): cpu = 00:00:00 ; elapsed = 00:00:00.009 . Memory (MB): peak = 2013.344 ; gain = 0.000
Phase 1 Initialization | Checksum: ef4e4d7e

Time (s): cpu = 00:00:00 ; elapsed = 00:00:00.010 . Memory (MB): peak = 2013.344 ; gain = 0.000

Phase 2 Timer Update And Timing Data Collection

Phase 2.1 Timer Update
Phase 2.1 Timer Update | Checksum: ef4e4d7e

Time (s): cpu = 00:00:00 ; elapsed = 00:00:00.055 . Memory (MB): peak = 2013.344 ; gain = 0.000

Phase 2.2 Timing Data Collection
Phase 2.2 Timing Data Collection | Checksum: ef4e4d7e

Time (s): cpu = 00:00:00 ; elapsed = 00:00:00.071 . Memory (MB): peak = 2013.344 ; gain = 0.000
Phase 2 Timer Update And Timing Data Collection | Checksum: ef4e4d7e

Time (s): cpu = 00:00:00 ; elapsed = 00:00:00.072 . Memory (MB): peak = 2013.344 ; gain = 0.000

Phase 3 Retarget
INFO: [Opt 31-138] Pushed 0 inverter(s) to 0 load pin(s).
INFO: [Opt 31-49] Retargeted 0 cell(s).
Phase 3 Retarget | Checksum: ef4e4d7e

Time (s): cpu = 00:00:00 ; elapsed = 00:00:00.091 . Memory (MB): peak = 2013.344 ; gain = 0.000
Retarget | Checksum: ef4e4d7e
INFO: [Opt 31-389] Phase Retarget created 0 cells and removed 0 cells

Phase 4 Constant propagation
INFO: [Opt 31-138] Pushed 0 inverter(s) to 0 load pin(s).
Phase 4 Constant propagation | Checksum: ef4e4d7e

Time (s): cpu = 00:00:00 ; elapsed = 00:00:00.103 . Memory (MB): peak = 2013.344 ; gain = 0.000
Constant propagation | Checksum: ef4e4d7e
INFO: [Opt 31-389] Phase Constant propagation created 0 cells and removed 0 cells

Phase 5 Sweep
Phase 5 Sweep | Checksum: 1b2d66526

Time (s): cpu = 00:00:00 ; elapsed = 00:00:00.120 . Memory (MB): peak = 2013.344 ; gain = 0.000
Sweep | Checksum: 1b2d66526
INFO: [Opt 31-389] Phase Sweep created 8 cells and removed 0 cells

Phase 6 BUFG optimization
Phase 6 BUFG optimization | Checksum: 1b2d66526

Time (s): cpu = 00:00:00 ; elapsed = 00:00:00.193 . Memory (MB): peak = 2013.344 ; gain = 0.000
BUFG optimization | Checksum: 1b2d66526
INFO: [Opt 31-662] Phase BUFG optimization created 0 cells of which 0 are BUFGs and removed 0 cells.

Phase 7 Shift Register Optimization
INFO: [Opt 31-1064] SRL Remap converted 0 SRLs to 0 registers and converted 0 registers of register chains to 0 SRLs
Phase 7 Shift Register Optimization | Checksum: 1b2d66526

Time (s): cpu = 00:00:00 ; elapsed = 00:00:00.200 . Memory (MB): peak = 2013.344 ; gain = 0.000
Shift Register Optimization | Checksum: 1b2d66526
INFO: [Opt 31-389] Phase Shift Register Optimization created 0 cells and removed 0 cells

Phase 8 Post Processing Netlist
Phase 8 Post Processing Netlist | Checksum: 106398b15

Time (s): cpu = 00:00:00 ; elapsed = 00:00:00.206 . Memory (MB): peak = 2013.344 ; gain = 0.000
Post Processing Netlist | Checksum: 106398b15
INFO: [Opt 31-389] Phase Post Processing Netlist created 0 cells and removed 0 cells

Phase 9 Finalization

Phase 9.1 Finalizing Design Cores and Updating Shapes
Phase 9.1 Finalizing Design Cores and Updating Shapes | Checksum: 1c6eb7c33

Time (s): cpu = 00:00:00 ; elapsed = 00:00:00.224 . Memory (MB): peak = 2013.344 ; gain = 0.000

Phase 9.2 Verifying Netlist Connectivity

Starting Connectivity Check Task

Time (s): cpu = 00:00:00 ; elapsed = 00:00:00.001 . Memory (MB): peak = 2013.344 ; gain = 0.000
Phase 9.2 Verifying Netlist Connectivity | Checksum: 1c6eb7c33

Time (s): cpu = 00:00:00 ; elapsed = 00:00:00.227 . Memory (MB): peak = 2013.344 ; gain = 0.000
Phase 9 Finalization | Checksum: 1c6eb7c33

Time (s): cpu = 00:00:00 ; elapsed = 00:00:00.234 . Memory (MB): peak = 2013.344 ; gain = 0.000
Opt_design Change Summary
=========================


-------------------------------------------------------------------------------------------------------------------------
|  Phase                        |  #Cells created  |  #Cells Removed  |  #Constrained objects preventing optimizations  |
-------------------------------------------------------------------------------------------------------------------------
|  Retarget                     |               0  |               0  |                                              0  |
|  Constant propagation         |               0  |               0  |                                              0  |
|  Sweep                        |               8  |               0  |                                              0  |
|  BUFG optimization            |               0  |               0  |                                              0  |
|  Shift Register Optimization  |               0  |               0  |                                              0  |
|  Post Processing Netlist      |               0  |               0  |                                              0  |
-------------------------------------------------------------------------------------------------------------------------


Ending Logic Optimization Task | Checksum: 1c6eb7c33

Time (s): cpu = 00:00:00 ; elapsed = 00:00:00.241 . Memory (MB): peak = 2013.344 ; gain = 0.000
INFO: [Constraints 18-11670] Building netlist checker database with flags, 0x8
Done building netlist checker database: Time (s): cpu = 00:00:00 ; elapsed = 00:00:00 . Memory (MB): peak = 2013.344 ; gain = 0.000

Starting Power Optimization Task
INFO: [Pwropt 34-132] Skipping clock gating for clocks with a period < 2.00 ns.
Ending Power Optimization Task | Checksum: 1c6eb7c33

Time (s): cpu = 00:00:00 ; elapsed = 00:00:00.031 . Memory (MB): peak = 2013.344 ; gain = 0.000

Starting Final Cleanup Task
Ending Final Cleanup Task | Checksum: 1c6eb7c33

Time (s): cpu = 00:00:00 ; elapsed = 00:00:00.001 . Memory (MB): peak = 2013.344 ; gain = 0.000

Starting Netlist Obfuscation Task
Netlist sorting complete. Time (s): cpu = 00:00:00 ; elapsed = 00:00:00.001 . Memory (MB): peak = 2013.344 ; gain = 0.000
Ending Netlist Obfuscation Task | Checksum: 1c6eb7c33

Time (s): cpu = 00:00:00 ; elapsed = 00:00:00.003 . Memory (MB): peak = 2013.344 ; gain = 0.000
INFO: [Common 17-83] Releasing license: Implementation
17 Infos, 0 Warnings, 0 Critical Warnings and 0 Errors encountered.
opt_design completed successfully
opt_design: Time (s): cpu = 00:00:02 ; elapsed = 00:00:11 . Memory (MB): peak = 2013.344 ; gain = 344.844
# place_design
Command: place_design
Attempting to get a license for feature 'Implementation' and/or device 'xc7a35t'
INFO: [Common 17-349] Got license for feature 'Implementation' and/or device 'xc7a35t'
INFO: [Common 17-83] Releasing license: Implementation
INFO: [DRC 23-27] Running DRC with 4 threads
INFO: [Vivado_Tcl 4-198] DRC finished with 0 Errors
INFO: [Vivado_Tcl 4-199] Please refer to the DRC report (report_drc) for more information.
Running DRC as a precondition to command place_design
INFO: [DRC 23-27] Running DRC with 4 threads
INFO: [Vivado_Tcl 4-198] DRC finished with 0 Errors
INFO: [Vivado_Tcl 4-199] Please refer to the DRC report (report_drc) for more information.
INFO: [Place 30-611] Multithreading enabled for place_design using a maximum of 4 CPUs

Starting Placer Task

Phase 1 Placer Initialization

Phase 1.1 Placer Initialization Netlist Sorting
Netlist sorting complete. Time (s): cpu = 00:00:00 ; elapsed = 00:00:00.001 . Memory (MB): peak = 2013.344 ; gain = 0.000
Phase 1.1 Placer Initialization Netlist Sorting | Checksum: 18853c218

Time (s): cpu = 00:00:00 ; elapsed = 00:00:00.012 . Memory (MB): peak = 2013.344 ; gain = 0.000
Netlist sorting complete. Time (s): cpu = 00:00:00 ; elapsed = 00:00:00 . Memory (MB): peak = 2013.344 ; gain = 0.000

Phase 1.2 IO Placement/ Clock Placement/ Build Placer Device
INFO: [Timing 38-35] Done setting XDC timing constraints.
Phase 1.2 IO Placement/ Clock Placement/ Build Placer Device | Checksum: 88ff6e36

Time (s): cpu = 00:00:01 ; elapsed = 00:00:01 . Memory (MB): peak = 2013.344 ; gain = 0.000

Phase 1.3 Build Placer Netlist Model
Phase 1.3 Build Placer Netlist Model | Checksum: b816be92

Time (s): cpu = 00:00:01 ; elapsed = 00:00:02 . Memory (MB): peak = 2013.344 ; gain = 0.000

Phase 1.4 Constrain Clocks/Macros
Phase 1.4 Constrain Clocks/Macros | Checksum: b816be92

Time (s): cpu = 00:00:01 ; elapsed = 00:00:02 . Memory (MB): peak = 2013.344 ; gain = 0.000
Phase 1 Placer Initialization | Checksum: b816be92

Time (s): cpu = 00:00:01 ; elapsed = 00:00:02 . Memory (MB): peak = 2013.344 ; gain = 0.000

Phase 2 Global Placement

Phase 2.1 Floorplanning
Phase 2.1 Floorplanning | Checksum: fd947e41

Time (s): cpu = 00:00:01 ; elapsed = 00:00:02 . Memory (MB): peak = 2013.344 ; gain = 0.000

Phase 2.2 Update Timing before SLR Path Opt
Phase 2.2 Update Timing before SLR Path Opt | Checksum: cc0ed3cf

Time (s): cpu = 00:00:01 ; elapsed = 00:00:02 . Memory (MB): peak = 2013.344 ; gain = 0.000

Phase 2.3 Post-Processing in Floorplanning
Phase 2.3 Post-Processing in Floorplanning | Checksum: cc0ed3cf

Time (s): cpu = 00:00:01 ; elapsed = 00:00:02 . Memory (MB): peak = 2013.344 ; gain = 0.000

Phase 2.4 Global Placement Core

Phase 2.4.1 UpdateTiming Before Physical Synthesis
Phase 2.4.1 UpdateTiming Before Physical Synthesis | Checksum: 174b2e209

Time (s): cpu = 00:00:05 ; elapsed = 00:00:08 . Memory (MB): peak = 2013.344 ; gain = 0.000

Phase 2.4.2 Physical Synthesis In Placer
INFO: [Physopt 32-1035] Found 0 LUTNM shape to break, 9 LUT instances to create LUTNM shape
INFO: [Physopt 32-1044] Break lutnm for timing: one critical 0, two critical 0, total 0, new lutff created 0
INFO: [Physopt 32-1138] End 1 Pass. Optimized 4 nets or LUTs. Breaked 0 LUT, combined 4 existing LUTs and moved 0 existing LUT
INFO: [Physopt 32-65] No nets found for high-fanout optimization.
INFO: [Physopt 32-232] Optimized 0 net. Created 0 new instance.
INFO: [Physopt 32-775] End 1 Pass. Optimized 0 net or cell. Created 0 new cell, deleted 0 existing cell and moved 0 existing cell
INFO: [Physopt 32-670] No setup violation found.  DSP Register Optimization was not performed.
INFO: [Physopt 32-670] No setup violation found.  Shift Register to Pipeline Optimization was not performed.
INFO: [Physopt 32-670] No setup violation found.  Shift Register Optimization was not performed.
INFO: [Physopt 32-670] No setup violation found.  BRAM Register Optimization was not performed.
INFO: [Physopt 32-670] No setup violation found.  URAM Register Optimization was not performed.
INFO: [Physopt 32-949] No candidate nets found for dynamic/static region interface net replication
INFO: [Physopt 32-775] End 1 Pass. Optimized 0 net or cell. Created 0 new cell, deleted 0 existing cell and moved 0 existing cell
Netlist sorting complete. Time (s): cpu = 00:00:00 ; elapsed = 00:00:00 . Memory (MB): peak = 2013.344 ; gain = 0.000

Summary of Physical Synthesis Optimizations
============================================


-----------------------------------------------------------------------------------------------------------------------------------------------------------
|  Optimization                                     |  Added Cells  |  Removed Cells  |  Optimized Cells/Nets  |  Dont Touch  |  Iterations  |  Elapsed   |
-----------------------------------------------------------------------------------------------------------------------------------------------------------
|  LUT Combining                                    |            0  |              4  |                     4  |           0  |           1  |  00:00:00  |
|  Retime                                           |            0  |              0  |                     0  |           0  |           1  |  00:00:00  |
|  Very High Fanout                                 |            0  |              0  |                     0  |           0  |           1  |  00:00:00  |
|  DSP Register                                     |            0  |              0  |                     0  |           0  |           0  |  00:00:00  |
|  Shift Register to Pipeline                       |            0  |              0  |                     0  |           0  |           0  |  00:00:00  |
|  Shift Register                                   |            0  |              0  |                     0  |           0  |           0  |  00:00:00  |
|  BRAM Register                                    |            0  |              0  |                     0  |           0  |           0  |  00:00:00  |
|  URAM Register                                    |            0  |              0  |                     0  |           0  |           0  |  00:00:00  |
|  Dynamic/Static Region Interface Net Replication  |            0  |              0  |                     0  |           0  |           1  |  00:00:00  |
|  Total                                            |            0  |              4  |                     4  |           0  |           4  |  00:00:00  |
-----------------------------------------------------------------------------------------------------------------------------------------------------------


Phase 2.4.2 Physical Synthesis In Placer | Checksum: 1177eef74

Time (s): cpu = 00:00:05 ; elapsed = 00:00:08 . Memory (MB): peak = 2013.344 ; gain = 0.000
Phase 2.4 Global Placement Core | Checksum: 1289c2f55

Time (s): cpu = 00:00:05 ; elapsed = 00:00:08 . Memory (MB): peak = 2013.344 ; gain = 0.000
Phase 2 Global Placement | Checksum: 1289c2f55

Time (s): cpu = 00:00:05 ; elapsed = 00:00:09 . Memory (MB): peak = 2013.344 ; gain = 0.000

Phase 3 Detail Placement

Phase 3.1 Commit Multi Column Macros
Phase 3.1 Commit Multi Column Macros | Checksum: 111afda9d

Time (s): cpu = 00:00:05 ; elapsed = 00:00:09 . Memory (MB): peak = 2013.344 ; gain = 0.000

Phase 3.2 Commit Most Macros & LUTRAMs
Phase 3.2 Commit Most Macros & LUTRAMs | Checksum: 27c4a8568

Time (s): cpu = 00:00:06 ; elapsed = 00:00:09 . Memory (MB): peak = 2013.344 ; gain = 0.000

Phase 3.3 Area Swap Optimization
Phase 3.3 Area Swap Optimization | Checksum: 21865925b

Time (s): cpu = 00:00:06 ; elapsed = 00:00:09 . Memory (MB): peak = 2013.344 ; gain = 0.000

Phase 3.4 Pipeline Register Optimization
Phase 3.4 Pipeline Register Optimization | Checksum: 23428af5a

Time (s): cpu = 00:00:06 ; elapsed = 00:00:09 . Memory (MB): peak = 2013.344 ; gain = 0.000

Phase 3.5 Small Shape Detail Placement
Phase 3.5 Small Shape Detail Placement | Checksum: 271b02bad

Time (s): cpu = 00:00:06 ; elapsed = 00:00:09 . Memory (MB): peak = 2013.344 ; gain = 0.000

Phase 3.6 Re-assign LUT pins
Phase 3.6 Re-assign LUT pins | Checksum: 194f49981

Time (s): cpu = 00:00:06 ; elapsed = 00:00:10 . Memory (MB): peak = 2013.344 ; gain = 0.000

Phase 3.7 Pipeline Register Optimization
Phase 3.7 Pipeline Register Optimization | Checksum: b0bfc498

Time (s): cpu = 00:00:06 ; elapsed = 00:00:10 . Memory (MB): peak = 2013.344 ; gain = 0.000
Phase 3 Detail Placement | Checksum: b0bfc498

Time (s): cpu = 00:00:06 ; elapsed = 00:00:10 . Memory (MB): peak = 2013.344 ; gain = 0.000

Phase 4 Post Placement Optimization and Clean-Up

Phase 4.1 Post Commit Optimization
INFO: [Timing 38-35] Done setting XDC timing constraints.

Phase 4.1.1 Post Placement Optimization
Post Placement Optimization Initialization | Checksum: 106b716c4

Phase 4.1.1.1 BUFG Insertion

Starting Physical Synthesis Task

Phase 1 Physical Synthesis Initialization
INFO: [Physopt 32-721] Multithreading enabled for phys_opt_design using a maximum of 4 CPUs
INFO: [Physopt 32-619] Estimated Timing Summary | WNS=6.158 | TNS=0.000 |
Phase 1 Physical Synthesis Initialization | Checksum: 12e8f38c2

Time (s): cpu = 00:00:00 ; elapsed = 00:00:00.041 . Memory (MB): peak = 2013.344 ; gain = 0.000
INFO: [Place 46-56] BUFG insertion identified 0 candidate nets. Inserted BUFG: 0, Replicated BUFG Driver: 0, Skipped due to Placement/Routing Conflicts: 0, Skipped due to Timing Degradation: 0, Skipped due to netlist editing failed: 0.
Ending Physical Synthesis Task | Checksum: 12e8f38c2

Time (s): cpu = 00:00:00 ; elapsed = 00:00:00.054 . Memory (MB): peak = 2013.344 ; gain = 0.000
Phase 4.1.1.1 BUFG Insertion | Checksum: 106b716c4

Time (s): cpu = 00:00:06 ; elapsed = 00:00:10 . Memory (MB): peak = 2013.344 ; gain = 0.000

Phase 4.1.1.2 Post Placement Timing Optimization
INFO: [Place 30-746] Post Placement Timing Summary WNS=6.158. For the most accurate timing information please run report_timing.
Phase 4.1.1.2 Post Placement Timing Optimization | Checksum: 184b82434

Time (s): cpu = 00:00:06 ; elapsed = 00:00:10 . Memory (MB): peak = 2013.344 ; gain = 0.000

Time (s): cpu = 00:00:06 ; elapsed = 00:00:10 . Memory (MB): peak = 2013.344 ; gain = 0.000
Phase 4.1 Post Commit Optimization | Checksum: 184b82434

Time (s): cpu = 00:00:06 ; elapsed = 00:00:10 . Memory (MB): peak = 2013.344 ; gain = 0.000

Phase 4.2 Post Placement Cleanup
Phase 4.2 Post Placement Cleanup | Checksum: 184b82434

Time (s): cpu = 00:00:06 ; elapsed = 00:00:10 . Memory (MB): peak = 2013.344 ; gain = 0.000

Phase 4.3 Placer Reporting

Phase 4.3.1 Print Estimated Congestion
INFO: [Place 30-612] Post-Placement Estimated Congestion 
 ____________________________________________________
|           | Global Congestion | Short Congestion  |
| Direction | Region Size       | Region Size       |
|___________|___________________|___________________|
|      North|                1x1|                1x1|
|___________|___________________|___________________|
|      South|                1x1|                1x1|
|___________|___________________|___________________|
|       East|                1x1|                1x1|
|___________|___________________|___________________|
|       West|                1x1|                1x1|
|___________|___________________|___________________|

Phase 4.3.1 Print Estimated Congestion | Checksum: 184b82434

Time (s): cpu = 00:00:06 ; elapsed = 00:00:10 . Memory (MB): peak = 2013.344 ; gain = 0.000
Phase 4.3 Placer Reporting | Checksum: 184b82434

Time (s): cpu = 00:00:06 ; elapsed = 00:00:10 . Memory (MB): peak = 2013.344 ; gain = 0.000

Phase 4.4 Final Placement Cleanup
Netlist sorting complete. Time (s): cpu = 00:00:00 ; elapsed = 00:00:00 . Memory (MB): peak = 2013.344 ; gain = 0.000

Time (s): cpu = 00:00:06 ; elapsed = 00:00:10 . Memory (MB): peak = 2013.344 ; gain = 0.000
Phase 4 Post Placement Optimization and Clean-Up | Checksum: 11dd52f04

Time (s): cpu = 00:00:06 ; elapsed = 00:00:10 . Memory (MB): peak = 2013.344 ; gain = 0.000
Ending Placer Task | Checksum: 89148977

Time (s): cpu = 00:00:06 ; elapsed = 00:00:10 . Memory (MB): peak = 2013.344 ; gain = 0.000
29 Infos, 0 Warnings, 0 Critical Warnings and 0 Errors encountered.
place_design completed successfully
place_design: Time (s): cpu = 00:00:08 ; elapsed = 00:00:13 . Memory (MB): peak = 2013.344 ; gain = 0.000
# phys_opt_design
Command: phys_opt_design
Attempting to get a license for feature 'Implementation' and/or device 'xc7a35t'
INFO: [Common 17-349] Got license for feature 'Implementation' and/or device 'xc7a35t'

Starting Initial Update Timing Task

Time (s): cpu = 00:00:00 ; elapsed = 00:00:00.133 . Memory (MB): peak = 2013.344 ; gain = 0.000
INFO: [Vivado_Tcl 4-383] Design worst setup slack (WNS) is greater than or equal to 0.000 ns. Skipping all physical synthesis optimizations.
INFO: [Vivado_Tcl 4-232] No setup violation found. The netlist was not modified.
INFO: [Common 17-83] Releasing license: Implementation
4 Infos, 0 Warnings, 0 Critical Warnings and 0 Errors encountered.
phys_opt_design completed successfully
# write_checkpoint -force $outputDir/post_place
INFO: [Timing 38-480] Writing timing data to binary archive.
Write ShapeDB Complete: Time (s): cpu = 00:00:00 ; elapsed = 00:00:00.009 . Memory (MB): peak = 2013.344 ; gain = 0.000
Wrote PlaceDB: Time (s): cpu = 00:00:00 ; elapsed = 00:00:00.134 . Memory (MB): peak = 2013.344 ; gain = 0.000
Wrote PulsedLatchDB: Time (s): cpu = 00:00:00 ; elapsed = 00:00:00 . Memory (MB): peak = 2013.344 ; gain = 0.000
Writing XDEF routing.
Writing XDEF routing logical nets.
Writing XDEF routing special nets.
Wrote RouteStorage: Time (s): cpu = 00:00:00 ; elapsed = 00:00:00.055 . Memory (MB): peak = 2013.344 ; gain = 0.000
Wrote Netlist Cache: Time (s): cpu = 00:00:00 ; elapsed = 00:00:00.003 . Memory (MB): peak = 2013.344 ; gain = 0.000
Wrote Device Cache: Time (s): cpu = 00:00:00 ; elapsed = 00:00:00.036 . Memory (MB): peak = 2013.344 ; gain = 0.000
Write Physdb Complete: Time (s): cpu = 00:00:00 ; elapsed = 00:00:00.266 . Memory (MB): peak = 2013.344 ; gain = 0.000
INFO: [Common 17-1381] The checkpoint 'C:/Users/juric/OneDrive/Dokumenti/csit-luks/tt06-csit-luks/fpga/fpga_output/post_place.dcp' has been generated.
# report_timing_summary -file $outputDir/post_place_timing_summary.rpt
INFO: [Timing 38-91] UpdateTimingParams: Speed grade: -1, Delay Type: min_max.
INFO: [Timing 38-191] Multithreading enabled for timing update using a maximum of 4 CPUs
# route_design
Command: route_design
Attempting to get a license for feature 'Implementation' and/or device 'xc7a35t'
INFO: [Common 17-349] Got license for feature 'Implementation' and/or device 'xc7a35t'
Running DRC as a precondition to command route_design
INFO: [DRC 23-27] Running DRC with 4 threads
INFO: [Vivado_Tcl 4-198] DRC finished with 0 Errors
INFO: [Vivado_Tcl 4-199] Please refer to the DRC report (report_drc) for more information.


Starting Routing Task
INFO: [Route 35-254] Multithreading enabled for route_design using a maximum of 8 CPUs

Phase 1 Build RT Design
Checksum: PlaceDB: 8b4fc8b ConstDB: 0 ShapeSum: 805f8cec RouteDB: 0
Post Restoration Checksum: NetGraph: bd7c63e | NumContArr: 91c2baf7 | Constraints: c2a8fa9d | Timing: c2a8fa9d
Phase 1 Build RT Design | Checksum: 222ec766f

Time (s): cpu = 00:00:14 ; elapsed = 00:00:35 . Memory (MB): peak = 2013.344 ; gain = 0.000

Phase 2 Router Initialization

Phase 2.1 Fix Topology Constraints
Phase 2.1 Fix Topology Constraints | Checksum: 222ec766f

Time (s): cpu = 00:00:14 ; elapsed = 00:00:35 . Memory (MB): peak = 2013.344 ; gain = 0.000

Phase 2.2 Pre Route Cleanup
Phase 2.2 Pre Route Cleanup | Checksum: 222ec766f

Time (s): cpu = 00:00:14 ; elapsed = 00:00:35 . Memory (MB): peak = 2013.344 ; gain = 0.000
 Number of Nodes with overlaps = 0

Phase 2.3 Update Timing
Phase 2.3 Update Timing | Checksum: 2fe201390

Time (s): cpu = 00:00:14 ; elapsed = 00:00:35 . Memory (MB): peak = 2013.344 ; gain = 0.000
INFO: [Route 35-416] Intermediate Timing Summary | WNS=6.130  | TNS=0.000  | WHS=-0.065 | THS=-0.130 |


Router Utilization Summary
  Global Vertical Routing Utilization    = 0.000159451 %
  Global Horizontal Routing Utilization  = 0.000130141 %
  Routable Net Status*
  *Does not include unroutable nets such as driverless and loadless.
  Run report_route_status for detailed report.
  Number of Failed Nets               = 249
    (Failed Nets is the sum of unrouted and partially routed nets)
  Number of Unrouted Nets             = 248
  Number of Partially Routed Nets     = 1
  Number of Node Overlaps             = 0

Phase 2 Router Initialization | Checksum: 25f29ded6

Time (s): cpu = 00:00:14 ; elapsed = 00:00:36 . Memory (MB): peak = 2013.344 ; gain = 0.000

Phase 3 Initial Routing

Phase 3.1 Global Routing
Phase 3.1 Global Routing | Checksum: 25f29ded6

Time (s): cpu = 00:00:14 ; elapsed = 00:00:36 . Memory (MB): peak = 2013.344 ; gain = 0.000

Phase 3.2 Initial Net Routing
Phase 3.2 Initial Net Routing | Checksum: 117ba3a39

Time (s): cpu = 00:00:14 ; elapsed = 00:00:36 . Memory (MB): peak = 2013.344 ; gain = 0.000
Phase 3 Initial Routing | Checksum: 117ba3a39

Time (s): cpu = 00:00:14 ; elapsed = 00:00:36 . Memory (MB): peak = 2013.344 ; gain = 0.000

Phase 4 Rip-up And Reroute

Phase 4.1 Global Iteration 0
 Number of Nodes with overlaps = 19
 Number of Nodes with overlaps = 0
INFO: [Route 35-416] Intermediate Timing Summary | WNS=5.730  | TNS=0.000  | WHS=N/A    | THS=N/A    |

Phase 4.1 Global Iteration 0 | Checksum: 23779cbef

Time (s): cpu = 00:00:14 ; elapsed = 00:00:36 . Memory (MB): peak = 2013.344 ; gain = 0.000
Phase 4 Rip-up And Reroute | Checksum: 23779cbef

Time (s): cpu = 00:00:14 ; elapsed = 00:00:36 . Memory (MB): peak = 2013.344 ; gain = 0.000

Phase 5 Delay and Skew Optimization

Phase 5.1 Delay CleanUp
Phase 5.1 Delay CleanUp | Checksum: 23779cbef

Time (s): cpu = 00:00:14 ; elapsed = 00:00:36 . Memory (MB): peak = 2013.344 ; gain = 0.000

Phase 5.2 Clock Skew Optimization
Phase 5.2 Clock Skew Optimization | Checksum: 23779cbef

Time (s): cpu = 00:00:14 ; elapsed = 00:00:36 . Memory (MB): peak = 2013.344 ; gain = 0.000
Phase 5 Delay and Skew Optimization | Checksum: 23779cbef

Time (s): cpu = 00:00:14 ; elapsed = 00:00:36 . Memory (MB): peak = 2013.344 ; gain = 0.000

Phase 6 Post Hold Fix

Phase 6.1 Hold Fix Iter

Phase 6.1.1 Update Timing
Phase 6.1.1 Update Timing | Checksum: 20222c7c5

Time (s): cpu = 00:00:14 ; elapsed = 00:00:36 . Memory (MB): peak = 2013.344 ; gain = 0.000
INFO: [Route 35-416] Intermediate Timing Summary | WNS=5.824  | TNS=0.000  | WHS=0.247  | THS=0.000  |

Phase 6.1 Hold Fix Iter | Checksum: 20222c7c5

Time (s): cpu = 00:00:14 ; elapsed = 00:00:36 . Memory (MB): peak = 2013.344 ; gain = 0.000
Phase 6 Post Hold Fix | Checksum: 20222c7c5

Time (s): cpu = 00:00:14 ; elapsed = 00:00:36 . Memory (MB): peak = 2013.344 ; gain = 0.000

Phase 7 Route finalize

Router Utilization Summary
  Global Vertical Routing Utilization    = 0.0908076 %
  Global Horizontal Routing Utilization  = 0.105284 %
  Routable Net Status*
  *Does not include unroutable nets such as driverless and loadless.
  Run report_route_status for detailed report.
  Number of Failed Nets               = 0
    (Failed Nets is the sum of unrouted and partially routed nets)
  Number of Unrouted Nets             = 0
  Number of Partially Routed Nets     = 0
  Number of Node Overlaps             = 0

Phase 7 Route finalize | Checksum: 20222c7c5

Time (s): cpu = 00:00:14 ; elapsed = 00:00:36 . Memory (MB): peak = 2013.344 ; gain = 0.000

Phase 8 Verifying routed nets

 Verification completed successfully
Phase 8 Verifying routed nets | Checksum: 20222c7c5

Time (s): cpu = 00:00:14 ; elapsed = 00:00:36 . Memory (MB): peak = 2013.344 ; gain = 0.000

Phase 9 Depositing Routes
Phase 9 Depositing Routes | Checksum: 20ac5f828

Time (s): cpu = 00:00:14 ; elapsed = 00:00:36 . Memory (MB): peak = 2013.344 ; gain = 0.000

Phase 10 Post Router Timing
INFO: [Route 35-57] Estimated Timing Summary | WNS=5.824  | TNS=0.000  | WHS=0.247  | THS=0.000  |

INFO: [Route 35-327] The final timing numbers are based on the router estimated timing analysis. For a complete and accurate timing signoff, please run report_timing_summary.
Phase 10 Post Router Timing | Checksum: 20ac5f828

Time (s): cpu = 00:00:14 ; elapsed = 00:00:36 . Memory (MB): peak = 2013.344 ; gain = 0.000
INFO: [Route 35-16] Router Completed Successfully

Phase 11 Post-Route Event Processing
Phase 11 Post-Route Event Processing | Checksum: 25681399f

Time (s): cpu = 00:00:14 ; elapsed = 00:00:37 . Memory (MB): peak = 2013.344 ; gain = 0.000
Ending Routing Task | Checksum: 25681399f

Time (s): cpu = 00:00:14 ; elapsed = 00:00:37 . Memory (MB): peak = 2013.344 ; gain = 0.000

Routing Is Done.
INFO: [Common 17-83] Releasing license: Implementation
12 Infos, 0 Warnings, 0 Critical Warnings and 0 Errors encountered.
route_design completed successfully
route_design: Time (s): cpu = 00:00:16 ; elapsed = 00:00:39 . Memory (MB): peak = 2013.344 ; gain = 0.000
# write_checkpoint -force $outputDir/post_route
INFO: [Timing 38-480] Writing timing data to binary archive.
Write ShapeDB Complete: Time (s): cpu = 00:00:00 ; elapsed = 00:00:00.006 . Memory (MB): peak = 2013.344 ; gain = 0.000
Wrote PlaceDB: Time (s): cpu = 00:00:01 ; elapsed = 00:00:00.097 . Memory (MB): peak = 2013.344 ; gain = 0.000
Wrote PulsedLatchDB: Time (s): cpu = 00:00:00 ; elapsed = 00:00:00 . Memory (MB): peak = 2013.344 ; gain = 0.000
Writing XDEF routing.
Writing XDEF routing logical nets.
Writing XDEF routing special nets.
Wrote RouteStorage: Time (s): cpu = 00:00:00 ; elapsed = 00:00:00.090 . Memory (MB): peak = 2013.344 ; gain = 0.000
Wrote Netlist Cache: Time (s): cpu = 00:00:00 ; elapsed = 00:00:00.002 . Memory (MB): peak = 2013.344 ; gain = 0.000
Wrote Device Cache: Time (s): cpu = 00:00:00 ; elapsed = 00:00:00.052 . Memory (MB): peak = 2013.344 ; gain = 0.000
Write Physdb Complete: Time (s): cpu = 00:00:01 ; elapsed = 00:00:00.287 . Memory (MB): peak = 2013.344 ; gain = 0.000
INFO: [Common 17-1381] The checkpoint 'C:/Users/juric/OneDrive/Dokumenti/csit-luks/tt06-csit-luks/fpga/fpga_output/post_route.dcp' has been generated.
# report_timing_summary -file $outputDir/post_route_timing_summary.rpt
INFO: [Timing 38-91] UpdateTimingParams: Speed grade: -1, Delay Type: min_max.
INFO: [Timing 38-191] Multithreading enabled for timing update using a maximum of 4 CPUs
# report_timing -sort_by group -max_paths 100 -path_type summary -file $outputDir/post_route_timing.rpt
INFO: [Timing 38-91] UpdateTimingParams: Speed grade: -1, Delay Type: max.
INFO: [Timing 38-191] Multithreading enabled for timing update using a maximum of 4 CPUs
INFO: [Timing 38-78] ReportTimingParams: -max_paths 100 -nworst 1 -delay_type max -sort_by group.
# report_clock_utilization -file $outputDir/clock_util.rpt
# report_utilization -file $outputDir/post_route_util.rpt
# report_power -file $outputDir/post_route_power.rpt
Command: report_power -file ./fpga_output/post_route_power.rpt
INFO: [Power 33-23] Power model is not available for STARTUPE2_inst
Running Vector-less Activity Propagation...

Finished Running Vector-less Activity Propagation
1 Infos, 0 Warnings, 0 Critical Warnings and 0 Errors encountered.
report_power completed successfully
# report_drc -file $outputDir/post_imp_drc.rpt
Command: report_drc -file ./fpga_output/post_imp_drc.rpt
INFO: [IP_Flow 19-234] Refreshing IP repositories
INFO: [IP_Flow 19-1704] No user IP repositories specified
INFO: [IP_Flow 19-2313] Loaded Vivado IP repository 'C:/Xilinx/Vivado/2023.2/data/ip'.
INFO: [DRC 23-27] Running DRC with 4 threads
INFO: [Vivado_Tcl 2-168] The results of DRC are in file C:/Users/juric/OneDrive/Dokumenti/csit-luks/tt06-csit-luks/fpga/fpga_output/post_imp_drc.rpt.
report_drc completed successfully
report_drc: Time (s): cpu = 00:00:03 ; elapsed = 00:00:06 . Memory (MB): peak = 2013.344 ; gain = 0.000
# write_verilog -force $outputDir/fpga_netlist.v
# write_xdc -no_fixed_only -force $outputDir/fpga_impl.xdc
# write_bitstream -force $outputDir/fpga.bit
Command: write_bitstream -force ./fpga_output/fpga.bit
Attempting to get a license for feature 'Implementation' and/or device 'xc7a35t'
INFO: [Common 17-349] Got license for feature 'Implementation' and/or device 'xc7a35t'
Running DRC as a precondition to command write_bitstream
INFO: [IP_Flow 19-1839] IP Catalog is up to date.
INFO: [DRC 23-27] Running DRC with 4 threads
INFO: [Vivado 12-3199] DRC finished with 0 Errors
INFO: [Vivado 12-3200] Please refer to the DRC report (report_drc) for more information.
INFO: [Designutils 20-2272] Running write_bitstream with 4 threads.
Loading data files...
Loading site data...
Loading route data...
Processing options...
Creating bitmap...
Creating bitstream...
Bitstream compression saved 14515712 bits.
Writing bitstream ./fpga_output/fpga.bit...
INFO: [Vivado 12-1842] Bitgen Completed Successfully.
INFO: [Project 1-1876] WebTalk data collection is mandatory when using a ULT device. To see the specific WebTalk data collected for your design, open the usage_statistics_webtalk.html or usage_statistics_webtalk.xml file in the implementation directory.
INFO: [Common 17-83] Releasing license: Implementation
9 Infos, 0 Warnings, 0 Critical Warnings and 0 Errors encountered.
write_bitstream completed successfully
write_bitstream: Time (s): cpu = 00:00:11 ; elapsed = 00:00:19 . Memory (MB): peak = 2237.020 ; gain = 223.676
INFO: [Common 17-206] Exiting Vivado at Mon Apr 15 11:41:57 2024...
