#-----------------------------------------------------------
# Vivado v2020.2 (64-bit)
# SW Build 3064766 on Wed Nov 18 09:12:45 MST 2020
# IP Build 3064653 on Wed Nov 18 14:17:31 MST 2020
# Start of session at: Mon Apr 15 14:48:34 2024
# Process ID: 17396
# Current directory: C:/Users/juric/OneDrive/Dokumenti/tt06-csit-luks/fpga
# Command line: vivado.exe -mode batch -source fpga.tcl
# Log file: C:/Users/juric/OneDrive/Dokumenti/tt06-csit-luks/fpga/vivado.log
# Journal file: C:/Users/juric/OneDrive/Dokumenti/tt06-csit-luks/fpga\vivado.jou
#-----------------------------------------------------------
source fpga.tcl
# set_param general.maxThreads 8
# set outputDir ./fpga_output             
# file mkdir $outputDir
# read_verilog  [ glob ../src/rotational_encoder/rotational_encoder.v ]
# read_verilog  [ glob ../src/seven_seg/seven_seg.v ]
# read_verilog  [ glob ../src/fsm/fsm_auto.v ]
# read_verilog  [ glob ../src/spi_flash/spi_flash.v ]
# read_verilog  [ glob ../src/spi_sensor/spi_sensor.v ]
# read_verilog  [ glob ../src/tt_um_csit_luks.v ]
# read_verilog  [ glob ../src/fpga/fpga_top_lvl.v ]
# read_xdc ./fpga.xdc
# synth_design -top fpga_top_lvl -part xc7a35tcpg236-1 -flatten rebuilt -verilog_define DEBUG
Command: synth_design -top fpga_top_lvl -part xc7a35tcpg236-1 -flatten rebuilt -verilog_define DEBUG
Starting synth_design
Attempting to get a license for feature 'Synthesis' and/or device 'xc7a35t'
INFO: [Common 17-349] Got license for feature 'Synthesis' and/or device 'xc7a35t'
INFO: [Device 21-403] Loading part xc7a35tcpg236-1
INFO: [Synth 8-7079] Multithreading enabled for synth_design using a maximum of 4 processes.
INFO: [Synth 8-7078] Launching helper process for spawning children vivado processes
INFO: [Synth 8-7075] Helper process launched with PID 31460
---------------------------------------------------------------------------------
Starting RTL Elaboration : Time (s): cpu = 00:00:01 ; elapsed = 00:00:03 . Memory (MB): peak = 1002.906 ; gain = 0.000
---------------------------------------------------------------------------------
INFO: [Synth 8-6157] synthesizing module 'fpga_top_lvl' [C:/Users/juric/OneDrive/Dokumenti/tt06-csit-luks/src/fpga/fpga_top_lvl.v:4]
INFO: [Synth 8-6157] synthesizing module 'tt_um_csit_luks' [C:/Users/juric/OneDrive/Dokumenti/tt06-csit-luks/src/tt_um_csit_luks.v:8]
INFO: [Synth 8-6157] synthesizing module 'rotational_encoder' [C:/Users/juric/OneDrive/Dokumenti/tt06-csit-luks/src/rotational_encoder/rotational_encoder.v:32]
INFO: [Synth 8-6155] done synthesizing module 'rotational_encoder' (1#1) [C:/Users/juric/OneDrive/Dokumenti/tt06-csit-luks/src/rotational_encoder/rotational_encoder.v:32]
INFO: [Synth 8-6157] synthesizing module 'seven_seg' [C:/Users/juric/OneDrive/Dokumenti/tt06-csit-luks/src/seven_seg/seven_seg.v:26]
INFO: [Synth 8-226] default block is never used [C:/Users/juric/OneDrive/Dokumenti/tt06-csit-luks/src/seven_seg/seven_seg.v:40]
INFO: [Synth 8-226] default block is never used [C:/Users/juric/OneDrive/Dokumenti/tt06-csit-luks/src/seven_seg/seven_seg.v:78]
INFO: [Synth 8-6155] done synthesizing module 'seven_seg' (2#1) [C:/Users/juric/OneDrive/Dokumenti/tt06-csit-luks/src/seven_seg/seven_seg.v:26]
INFO: [Synth 8-6157] synthesizing module 'fsm' [C:/Users/juric/OneDrive/Dokumenti/tt06-csit-luks/src/fsm/fsm_auto.v:21]
	Parameter IDLE bound to: 4'b0000 
	Parameter ISO_SEL bound to: 4'b0001 
	Parameter SS_SEL bound to: 4'b0010 
	Parameter F_SEL bound to: 4'b0011 
	Parameter EXP_METER bound to: 4'b0100 
	Parameter EXP_LUT bound to: 4'b0101 
	Parameter EXP_DISP bound to: 4'b0110 
	Parameter AUTO_MODE bound to: 4'b0111 
	Parameter AUTO_LUT bound to: 4'b1000 
	Parameter AUTO_DISP_SS bound to: 4'b1001 
	Parameter AUTO_DISP_F bound to: 4'b1010 
INFO: [Synth 8-6155] done synthesizing module 'fsm' (3#1) [C:/Users/juric/OneDrive/Dokumenti/tt06-csit-luks/src/fsm/fsm_auto.v:21]
INFO: [Synth 8-6157] synthesizing module 'spi_flash' [C:/Users/juric/OneDrive/Dokumenti/tt06-csit-luks/src/spi_flash/spi_flash.v:21]
	Parameter IDLE bound to: 2'b00 
	Parameter SEND_CMD bound to: 2'b01 
	Parameter READ_DATA bound to: 2'b10 
	Parameter DATA_READY bound to: 2'b11 
INFO: [Synth 8-226] default block is never used [C:/Users/juric/OneDrive/Dokumenti/tt06-csit-luks/src/spi_flash/spi_flash.v:57]
INFO: [Synth 8-6155] done synthesizing module 'spi_flash' (4#1) [C:/Users/juric/OneDrive/Dokumenti/tt06-csit-luks/src/spi_flash/spi_flash.v:21]
INFO: [Synth 8-6157] synthesizing module 'spi_sensor' [C:/Users/juric/OneDrive/Dokumenti/tt06-csit-luks/src/spi_sensor/spi_sensor.v:23]
	Parameter IDLE bound to: 3'b000 
	Parameter START_CONVERSION bound to: 3'b001 
	Parameter READ_ADC bound to: 3'b010 
	Parameter TRAILING_ZEROES bound to: 3'b011 
	Parameter DATA_READY bound to: 3'b100 
INFO: [Synth 8-6155] done synthesizing module 'spi_sensor' (5#1) [C:/Users/juric/OneDrive/Dokumenti/tt06-csit-luks/src/spi_sensor/spi_sensor.v:23]
INFO: [Synth 8-6155] done synthesizing module 'tt_um_csit_luks' (6#1) [C:/Users/juric/OneDrive/Dokumenti/tt06-csit-luks/src/tt_um_csit_luks.v:8]
WARNING: [Synth 8-4446] all outputs are unconnected for this instance and logic may be removed [C:/Users/juric/OneDrive/Dokumenti/tt06-csit-luks/src/fpga/fpga_top_lvl.v:99]
INFO: [Synth 8-6157] synthesizing module 'STARTUPE2' [C:/Xilinx/Vivado/2020.2/scripts/rt/data/unisim_comp.v:78204]
	Parameter PROG_USR bound to: FALSE - type: string 
	Parameter SIM_CCLK_FREQ bound to: 0.000000 - type: double 
INFO: [Synth 8-6155] done synthesizing module 'STARTUPE2' (7#1) [C:/Xilinx/Vivado/2020.2/scripts/rt/data/unisim_comp.v:78204]
INFO: [Synth 8-6155] done synthesizing module 'fpga_top_lvl' (8#1) [C:/Users/juric/OneDrive/Dokumenti/tt06-csit-luks/src/fpga/fpga_top_lvl.v:4]
---------------------------------------------------------------------------------
Finished RTL Elaboration : Time (s): cpu = 00:00:01 ; elapsed = 00:00:04 . Memory (MB): peak = 1002.906 ; gain = 0.000
---------------------------------------------------------------------------------
---------------------------------------------------------------------------------
Start Handling Custom Attributes
---------------------------------------------------------------------------------
---------------------------------------------------------------------------------
Finished Handling Custom Attributes : Time (s): cpu = 00:00:01 ; elapsed = 00:00:05 . Memory (MB): peak = 1002.906 ; gain = 0.000
---------------------------------------------------------------------------------
---------------------------------------------------------------------------------
Finished RTL Optimization Phase 1 : Time (s): cpu = 00:00:01 ; elapsed = 00:00:05 . Memory (MB): peak = 1002.906 ; gain = 0.000
---------------------------------------------------------------------------------
Netlist sorting complete. Time (s): cpu = 00:00:00 ; elapsed = 00:00:00.005 . Memory (MB): peak = 1002.906 ; gain = 0.000
INFO: [Netlist 29-17] Analyzing 1 Unisim elements for replacement
INFO: [Netlist 29-28] Unisim Transformation completed in 0 CPU seconds
INFO: [Project 1-570] Preparing netlist for logic optimization

Processing XDC Constraints
Initializing timing engine
Parsing XDC File [C:/Users/juric/OneDrive/Dokumenti/tt06-csit-luks/fpga/fpga.xdc]
Finished Parsing XDC File [C:/Users/juric/OneDrive/Dokumenti/tt06-csit-luks/fpga/fpga.xdc]
INFO: [Project 1-236] Implementation specific constraints were found while reading constraint file [C:/Users/juric/OneDrive/Dokumenti/tt06-csit-luks/fpga/fpga.xdc]. These constraints will be ignored for synthesis but will be used in implementation. Impacted constraints are listed in the file [.Xil/fpga_top_lvl_propImpl.xdc].
Resolution: To avoid this warning, move constraints listed in [.Xil/fpga_top_lvl_propImpl.xdc] to another XDC file and exclude this new file from synthesis with the used_in_synthesis property (File Properties dialog in GUI) and re-run elaboration/synthesis.
Completed Processing XDC Constraints

Netlist sorting complete. Time (s): cpu = 00:00:00 ; elapsed = 00:00:00 . Memory (MB): peak = 1039.840 ; gain = 0.000
INFO: [Project 1-111] Unisim Transformation Summary:
No Unisim elements were transformed.

Constraint Validation Runtime : Time (s): cpu = 00:00:00 ; elapsed = 00:00:00.004 . Memory (MB): peak = 1039.840 ; gain = 0.000
---------------------------------------------------------------------------------
Finished Constraint Validation : Time (s): cpu = 00:00:02 ; elapsed = 00:00:09 . Memory (MB): peak = 1039.840 ; gain = 36.934
---------------------------------------------------------------------------------
---------------------------------------------------------------------------------
Start Loading Part and Timing Information
---------------------------------------------------------------------------------
Loading part: xc7a35tcpg236-1
---------------------------------------------------------------------------------
Finished Loading Part and Timing Information : Time (s): cpu = 00:00:02 ; elapsed = 00:00:09 . Memory (MB): peak = 1039.840 ; gain = 36.934
---------------------------------------------------------------------------------
---------------------------------------------------------------------------------
Start Applying 'set_property' XDC Constraints
---------------------------------------------------------------------------------
---------------------------------------------------------------------------------
Finished applying 'set_property' XDC Constraints : Time (s): cpu = 00:00:02 ; elapsed = 00:00:09 . Memory (MB): peak = 1039.840 ; gain = 36.934
---------------------------------------------------------------------------------
INFO: [Synth 8-802] inferred FSM for state register 'state_reg' in module 'spi_flash'
INFO: [Synth 8-802] inferred FSM for state register 'state_reg' in module 'spi_sensor'
---------------------------------------------------------------------------------------------------
                   State |                     New Encoding |                Previous Encoding 
---------------------------------------------------------------------------------------------------
                    IDLE |                               00 |                               00
                SEND_CMD |                               01 |                               01
               READ_DATA |                               10 |                               10
              DATA_READY |                               11 |                               11
---------------------------------------------------------------------------------------------------
INFO: [Synth 8-3354] encoded FSM with state register 'state_reg' using encoding 'sequential' in module 'spi_flash'
---------------------------------------------------------------------------------------------------
                   State |                     New Encoding |                Previous Encoding 
---------------------------------------------------------------------------------------------------
                    IDLE |                              000 |                              000
        START_CONVERSION |                              001 |                              001
                READ_ADC |                              010 |                              010
         TRAILING_ZEROES |                              011 |                              011
              DATA_READY |                              100 |                              100
                  iSTATE |                              101 |                              111
*
---------------------------------------------------------------------------------------------------
INFO: [Synth 8-3354] encoded FSM with state register 'state_reg' using encoding 'sequential' in module 'spi_sensor'
---------------------------------------------------------------------------------
Finished RTL Optimization Phase 2 : Time (s): cpu = 00:00:02 ; elapsed = 00:00:10 . Memory (MB): peak = 1039.840 ; gain = 36.934
---------------------------------------------------------------------------------
---------------------------------------------------------------------------------
Start RTL Component Statistics 
---------------------------------------------------------------------------------
Detailed RTL Component Info : 
+---Adders : 
	   2 Input   16 Bit       Adders := 1     
	   2 Input   12 Bit       Adders := 1     
	   2 Input    8 Bit       Adders := 1     
	   2 Input    5 Bit       Adders := 1     
	   2 Input    4 Bit       Adders := 3     
	   2 Input    2 Bit       Adders := 1     
+---Registers : 
	               24 Bit    Registers := 2     
	               16 Bit    Registers := 1     
	               12 Bit    Registers := 1     
	                8 Bit    Registers := 3     
	                5 Bit    Registers := 1     
	                4 Bit    Registers := 9     
	                2 Bit    Registers := 3     
	                1 Bit    Registers := 13    
+---Muxes : 
	  12 Input   24 Bit        Muxes := 1     
	   2 Input   12 Bit        Muxes := 3     
	  16 Input    8 Bit        Muxes := 8     
	  13 Input    8 Bit        Muxes := 1     
	   2 Input    8 Bit        Muxes := 5     
	   7 Input    8 Bit        Muxes := 4     
	  19 Input    8 Bit        Muxes := 2     
	   5 Input    8 Bit        Muxes := 1     
	   4 Input    8 Bit        Muxes := 1     
	   6 Input    5 Bit        Muxes := 1     
	   2 Input    4 Bit        Muxes := 2     
	   5 Input    4 Bit        Muxes := 1     
	  12 Input    4 Bit        Muxes := 5     
	   3 Input    4 Bit        Muxes := 4     
	   4 Input    4 Bit        Muxes := 2     
	   8 Input    4 Bit        Muxes := 1     
	   3 Input    3 Bit        Muxes := 1     
	   4 Input    3 Bit        Muxes := 2     
	   2 Input    3 Bit        Muxes := 3     
	  12 Input    3 Bit        Muxes := 1     
	   6 Input    3 Bit        Muxes := 1     
	   5 Input    2 Bit        Muxes := 1     
	   2 Input    2 Bit        Muxes := 3     
	  12 Input    2 Bit        Muxes := 1     
	   4 Input    2 Bit        Muxes := 1     
	   3 Input    1 Bit        Muxes := 2     
	   5 Input    1 Bit        Muxes := 1     
	   2 Input    1 Bit        Muxes := 13    
	  12 Input    1 Bit        Muxes := 9     
	  13 Input    1 Bit        Muxes := 1     
	   4 Input    1 Bit        Muxes := 10    
	   6 Input    1 Bit        Muxes := 9     
---------------------------------------------------------------------------------
Finished RTL Component Statistics 
---------------------------------------------------------------------------------
---------------------------------------------------------------------------------
Start Part Resource Summary
---------------------------------------------------------------------------------
Part Resources:
DSPs: 90 (col length:60)
BRAMs: 100 (col length: RAMB18 60 RAMB36 30)
---------------------------------------------------------------------------------
Finished Part Resource Summary
---------------------------------------------------------------------------------
---------------------------------------------------------------------------------
Start Cross Boundary and Area Optimization
---------------------------------------------------------------------------------
---------------------------------------------------------------------------------
Finished Cross Boundary and Area Optimization : Time (s): cpu = 00:00:03 ; elapsed = 00:00:12 . Memory (MB): peak = 1039.840 ; gain = 36.934
---------------------------------------------------------------------------------
---------------------------------------------------------------------------------
Start Applying XDC Timing Constraints
---------------------------------------------------------------------------------
---------------------------------------------------------------------------------
Finished Applying XDC Timing Constraints : Time (s): cpu = 00:00:04 ; elapsed = 00:00:16 . Memory (MB): peak = 1039.840 ; gain = 36.934
---------------------------------------------------------------------------------
---------------------------------------------------------------------------------
Start Timing Optimization
---------------------------------------------------------------------------------
---------------------------------------------------------------------------------
Finished Timing Optimization : Time (s): cpu = 00:00:04 ; elapsed = 00:00:16 . Memory (MB): peak = 1039.840 ; gain = 36.934
---------------------------------------------------------------------------------
---------------------------------------------------------------------------------
Start Technology Mapping
---------------------------------------------------------------------------------
---------------------------------------------------------------------------------
Finished Technology Mapping : Time (s): cpu = 00:00:04 ; elapsed = 00:00:16 . Memory (MB): peak = 1039.840 ; gain = 36.934
---------------------------------------------------------------------------------
---------------------------------------------------------------------------------
Start IO Insertion
---------------------------------------------------------------------------------
---------------------------------------------------------------------------------
Start Flattening Before IO Insertion
---------------------------------------------------------------------------------
---------------------------------------------------------------------------------
Finished Flattening Before IO Insertion
---------------------------------------------------------------------------------
---------------------------------------------------------------------------------
Start Final Netlist Cleanup
---------------------------------------------------------------------------------
---------------------------------------------------------------------------------
Finished Final Netlist Cleanup
---------------------------------------------------------------------------------
---------------------------------------------------------------------------------
Finished IO Insertion : Time (s): cpu = 00:00:04 ; elapsed = 00:00:18 . Memory (MB): peak = 1039.840 ; gain = 36.934
---------------------------------------------------------------------------------
---------------------------------------------------------------------------------
Start Renaming Generated Instances
---------------------------------------------------------------------------------
---------------------------------------------------------------------------------
Finished Renaming Generated Instances : Time (s): cpu = 00:00:04 ; elapsed = 00:00:18 . Memory (MB): peak = 1039.840 ; gain = 36.934
---------------------------------------------------------------------------------
---------------------------------------------------------------------------------
Start Rebuilding User Hierarchy
---------------------------------------------------------------------------------
---------------------------------------------------------------------------------
Finished Rebuilding User Hierarchy : Time (s): cpu = 00:00:04 ; elapsed = 00:00:18 . Memory (MB): peak = 1039.840 ; gain = 36.934
---------------------------------------------------------------------------------
---------------------------------------------------------------------------------
Start Renaming Generated Ports
---------------------------------------------------------------------------------
---------------------------------------------------------------------------------
Finished Renaming Generated Ports : Time (s): cpu = 00:00:04 ; elapsed = 00:00:18 . Memory (MB): peak = 1039.840 ; gain = 36.934
---------------------------------------------------------------------------------
---------------------------------------------------------------------------------
Start Handling Custom Attributes
---------------------------------------------------------------------------------
---------------------------------------------------------------------------------
Finished Handling Custom Attributes : Time (s): cpu = 00:00:04 ; elapsed = 00:00:18 . Memory (MB): peak = 1039.840 ; gain = 36.934
---------------------------------------------------------------------------------
---------------------------------------------------------------------------------
Start Renaming Generated Nets
---------------------------------------------------------------------------------
---------------------------------------------------------------------------------
Finished Renaming Generated Nets : Time (s): cpu = 00:00:04 ; elapsed = 00:00:18 . Memory (MB): peak = 1039.840 ; gain = 36.934
---------------------------------------------------------------------------------
---------------------------------------------------------------------------------
Start Writing Synthesis Report
---------------------------------------------------------------------------------

Report BlackBoxes: 
+-+--------------+----------+
| |BlackBox name |Instances |
+-+--------------+----------+
+-+--------------+----------+

Report Cell Usage: 
+------+----------+------+
|      |Cell      |Count |
+------+----------+------+
|1     |BUFG      |     2|
|2     |CARRY4    |     7|
|3     |LUT1      |     2|
|4     |LUT2      |    37|
|5     |LUT3      |    13|
|6     |LUT4      |    26|
|7     |LUT5      |    41|
|8     |LUT6      |    78|
|9     |MUXF7     |    17|
|10    |MUXF8     |     8|
|11    |STARTUPE2 |     1|
|12    |FDCE      |    87|
|13    |FDPE      |     5|
|14    |FDRE      |    40|
|15    |IBUF      |     6|
|16    |OBUF      |    27|
+------+----------+------+
---------------------------------------------------------------------------------
Finished Writing Synthesis Report : Time (s): cpu = 00:00:04 ; elapsed = 00:00:18 . Memory (MB): peak = 1039.840 ; gain = 36.934
---------------------------------------------------------------------------------
Synthesis finished with 0 errors, 0 critical warnings and 0 warnings.
Synthesis Optimization Runtime : Time (s): cpu = 00:00:02 ; elapsed = 00:00:16 . Memory (MB): peak = 1039.840 ; gain = 0.000
Synthesis Optimization Complete : Time (s): cpu = 00:00:04 ; elapsed = 00:00:18 . Memory (MB): peak = 1039.840 ; gain = 36.934
INFO: [Project 1-571] Translating synthesized netlist
Netlist sorting complete. Time (s): cpu = 00:00:00 ; elapsed = 00:00:00.004 . Memory (MB): peak = 1039.840 ; gain = 0.000
INFO: [Netlist 29-17] Analyzing 33 Unisim elements for replacement
INFO: [Netlist 29-28] Unisim Transformation completed in 0 CPU seconds
INFO: [Project 1-570] Preparing netlist for logic optimization
Parsing XDC File [C:/Users/juric/OneDrive/Dokumenti/tt06-csit-luks/fpga/fpga.xdc]
Finished Parsing XDC File [C:/Users/juric/OneDrive/Dokumenti/tt06-csit-luks/fpga/fpga.xdc]
INFO: [Opt 31-138] Pushed 0 inverter(s) to 0 load pin(s).
Netlist sorting complete. Time (s): cpu = 00:00:00 ; elapsed = 00:00:00 . Memory (MB): peak = 1052.996 ; gain = 0.000
INFO: [Project 1-111] Unisim Transformation Summary:
No Unisim elements were transformed.

INFO: [Common 17-83] Releasing license: Synthesis
40 Infos, 1 Warnings, 0 Critical Warnings and 0 Errors encountered.
synth_design completed successfully
synth_design: Time (s): cpu = 00:00:06 ; elapsed = 00:00:32 . Memory (MB): peak = 1052.996 ; gain = 50.090
INFO: [Common 17-600] The following parameters have non-default value.
general.maxThreads
# write_checkpoint -force $outputDir/post_synth
Writing placer database...
INFO: [Timing 38-480] Writing timing data to binary archive.
Writing XDEF routing.
Writing XDEF routing logical nets.
Writing XDEF routing special nets.
Write XDEF Complete: Time (s): cpu = 00:00:00 ; elapsed = 00:00:00.032 . Memory (MB): peak = 1052.996 ; gain = 0.000
INFO: [Common 17-1381] The checkpoint 'C:/Users/juric/OneDrive/Dokumenti/tt06-csit-luks/fpga/fpga_output/post_synth.dcp' has been generated.
# report_timing_summary -file $outputDir/post_synth_timing_summary.rpt
INFO: [Timing 38-35] Done setting XDC timing constraints.
INFO: [Timing 38-91] UpdateTimingParams: Speed grade: -1, Delay Type: min_max.
INFO: [Timing 38-191] Multithreading enabled for timing update using a maximum of 8 CPUs
# report_power -file $outputDir/post_synth_power.rpt
Command: report_power -file ./fpga_output/post_synth_power.rpt
INFO: [Power 33-23] Power model is not available for STARTUPE2_inst
Running Vector-less Activity Propagation...

Finished Running Vector-less Activity Propagation
1 Infos, 0 Warnings, 0 Critical Warnings and 0 Errors encountered.
report_power completed successfully
# opt_design
Command: opt_design
Attempting to get a license for feature 'Implementation' and/or device 'xc7a35t'
INFO: [Common 17-349] Got license for feature 'Implementation' and/or device 'xc7a35t'
Running DRC as a precondition to command opt_design

Starting DRC Task
INFO: [DRC 23-27] Running DRC with 8 threads
INFO: [Project 1-461] DRC finished with 0 Errors
INFO: [Project 1-462] Please refer to the DRC report (report_drc) for more information.

Time (s): cpu = 00:00:00 ; elapsed = 00:00:00.518 . Memory (MB): peak = 1487.039 ; gain = 58.664

Starting Cache Timing Information Task
Ending Cache Timing Information Task | Checksum: 1afc494c7

Time (s): cpu = 00:00:00 ; elapsed = 00:00:00.001 . Memory (MB): peak = 1487.039 ; gain = 0.000

Starting Logic Optimization Task

Phase 1 Retarget
INFO: [Opt 31-138] Pushed 0 inverter(s) to 0 load pin(s).
INFO: [Opt 31-49] Retargeted 0 cell(s).
Phase 1 Retarget | Checksum: 1afc494c7

Time (s): cpu = 00:00:00 ; elapsed = 00:00:00.021 . Memory (MB): peak = 1587.656 ; gain = 0.000
INFO: [Opt 31-389] Phase Retarget created 0 cells and removed 0 cells

Phase 2 Constant propagation
INFO: [Opt 31-138] Pushed 0 inverter(s) to 0 load pin(s).
Phase 2 Constant propagation | Checksum: 1afc494c7

Time (s): cpu = 00:00:00 ; elapsed = 00:00:00.024 . Memory (MB): peak = 1587.656 ; gain = 0.000
INFO: [Opt 31-389] Phase Constant propagation created 0 cells and removed 0 cells

Phase 3 Sweep
Phase 3 Sweep | Checksum: 1b5e34a55

Time (s): cpu = 00:00:00 ; elapsed = 00:00:00.034 . Memory (MB): peak = 1587.656 ; gain = 0.000
INFO: [Opt 31-389] Phase Sweep created 8 cells and removed 0 cells

Phase 4 BUFG optimization
Phase 4 BUFG optimization | Checksum: 1b5e34a55

Time (s): cpu = 00:00:00 ; elapsed = 00:00:00.041 . Memory (MB): peak = 1587.656 ; gain = 0.000
INFO: [Opt 31-662] Phase BUFG optimization created 0 cells of which 0 are BUFGs and removed 0 cells.

Phase 5 Shift Register Optimization
INFO: [Opt 31-1064] SRL Remap converted 0 SRLs to 0 registers and converted 0 registers of register chains to 0 SRLs
Phase 5 Shift Register Optimization | Checksum: 1b5e34a55

Time (s): cpu = 00:00:00 ; elapsed = 00:00:00.043 . Memory (MB): peak = 1587.656 ; gain = 0.000
INFO: [Opt 31-389] Phase Shift Register Optimization created 0 cells and removed 0 cells

Phase 6 Post Processing Netlist
Phase 6 Post Processing Netlist | Checksum: 1dd6ff891

Time (s): cpu = 00:00:00 ; elapsed = 00:00:00.047 . Memory (MB): peak = 1587.656 ; gain = 0.000
INFO: [Opt 31-389] Phase Post Processing Netlist created 0 cells and removed 0 cells
Opt_design Change Summary
=========================


-------------------------------------------------------------------------------------------------------------------------
|  Phase                        |  #Cells created  |  #Cells Removed  |  #Constrained objects preventing optimizations  |
-------------------------------------------------------------------------------------------------------------------------
|  Retarget                     |               0  |               0  |                                              0  |
|  Constant propagation         |               0  |               0  |                                              0  |
|  Sweep                        |               8  |               0  |                                              0  |
|  BUFG optimization            |               0  |               0  |                                              0  |
|  Shift Register Optimization  |               0  |               0  |                                              0  |
|  Post Processing Netlist      |               0  |               0  |                                              0  |
-------------------------------------------------------------------------------------------------------------------------



Starting Connectivity Check Task

Time (s): cpu = 00:00:00 ; elapsed = 00:00:00.001 . Memory (MB): peak = 1587.656 ; gain = 0.000
Ending Logic Optimization Task | Checksum: 19c3bc786

Time (s): cpu = 00:00:00 ; elapsed = 00:00:00.055 . Memory (MB): peak = 1587.656 ; gain = 0.000

Starting Power Optimization Task
INFO: [Pwropt 34-132] Skipping clock gating for clocks with a period < 2.00 ns.
Ending Power Optimization Task | Checksum: 19c3bc786

Time (s): cpu = 00:00:00 ; elapsed = 00:00:00.020 . Memory (MB): peak = 1587.656 ; gain = 0.000

Starting Final Cleanup Task
Ending Final Cleanup Task | Checksum: 19c3bc786

Time (s): cpu = 00:00:00 ; elapsed = 00:00:00 . Memory (MB): peak = 1587.656 ; gain = 0.000

Starting Netlist Obfuscation Task
Netlist sorting complete. Time (s): cpu = 00:00:00 ; elapsed = 00:00:00 . Memory (MB): peak = 1587.656 ; gain = 0.000
Ending Netlist Obfuscation Task | Checksum: 19c3bc786

Time (s): cpu = 00:00:00 ; elapsed = 00:00:00 . Memory (MB): peak = 1587.656 ; gain = 0.000
INFO: [Common 17-83] Releasing license: Implementation
16 Infos, 0 Warnings, 0 Critical Warnings and 0 Errors encountered.
opt_design completed successfully
INFO: [Common 17-600] The following parameters have non-default value.
general.maxThreads
# place_design
Command: place_design
Attempting to get a license for feature 'Implementation' and/or device 'xc7a35t'
INFO: [Common 17-349] Got license for feature 'Implementation' and/or device 'xc7a35t'
INFO: [Timing 38-35] Done setting XDC timing constraints.
INFO: [DRC 23-27] Running DRC with 8 threads
INFO: [Vivado_Tcl 4-198] DRC finished with 0 Errors
INFO: [Vivado_Tcl 4-199] Please refer to the DRC report (report_drc) for more information.
Running DRC as a precondition to command place_design
INFO: [DRC 23-27] Running DRC with 8 threads
INFO: [Vivado_Tcl 4-198] DRC finished with 0 Errors
INFO: [Vivado_Tcl 4-199] Please refer to the DRC report (report_drc) for more information.

Starting Placer Task
INFO: [Place 30-611] Multithreading enabled for place_design using a maximum of 8 CPUs

Phase 1 Placer Initialization

Phase 1.1 Placer Initialization Netlist Sorting
Netlist sorting complete. Time (s): cpu = 00:00:00 ; elapsed = 00:00:00 . Memory (MB): peak = 1617.430 ; gain = 0.000
Phase 1.1 Placer Initialization Netlist Sorting | Checksum: 1563a060a

Time (s): cpu = 00:00:00 ; elapsed = 00:00:00.015 . Memory (MB): peak = 1617.430 ; gain = 0.000
Netlist sorting complete. Time (s): cpu = 00:00:00 ; elapsed = 00:00:00 . Memory (MB): peak = 1617.430 ; gain = 0.000

Phase 1.2 IO Placement/ Clock Placement/ Build Placer Device
Phase 1.2 IO Placement/ Clock Placement/ Build Placer Device | Checksum: 197851e58

Time (s): cpu = 00:00:01 ; elapsed = 00:00:00.333 . Memory (MB): peak = 1617.430 ; gain = 0.000

Phase 1.3 Build Placer Netlist Model
Phase 1.3 Build Placer Netlist Model | Checksum: 23db272cd

Time (s): cpu = 00:00:01 ; elapsed = 00:00:00.538 . Memory (MB): peak = 1617.430 ; gain = 0.000

Phase 1.4 Constrain Clocks/Macros
Phase 1.4 Constrain Clocks/Macros | Checksum: 23db272cd

Time (s): cpu = 00:00:01 ; elapsed = 00:00:00.540 . Memory (MB): peak = 1617.430 ; gain = 0.000
Phase 1 Placer Initialization | Checksum: 23db272cd

Time (s): cpu = 00:00:01 ; elapsed = 00:00:00.545 . Memory (MB): peak = 1617.430 ; gain = 0.000

Phase 2 Global Placement

Phase 2.1 Floorplanning
Phase 2.1 Floorplanning | Checksum: 248d7498c

Time (s): cpu = 00:00:01 ; elapsed = 00:00:00.785 . Memory (MB): peak = 1617.430 ; gain = 0.000

Phase 2.2 Update Timing before SLR Path Opt
Phase 2.2 Update Timing before SLR Path Opt | Checksum: 2341d15f3

Time (s): cpu = 00:00:01 ; elapsed = 00:00:00.891 . Memory (MB): peak = 1617.430 ; gain = 0.000

Phase 2.3 Global Placement Core

Phase 2.3.1 Physical Synthesis In Placer
INFO: [Physopt 32-1035] Found 0 LUTNM shape to break, 9 LUT instances to create LUTNM shape
INFO: [Physopt 32-1044] Break lutnm for timing: one critical 0, two critical 0, total 0, new lutff created 0
INFO: [Physopt 32-775] End 1 Pass. Optimized 4 nets or cells. Created 0 new cell, deleted 4 existing cells and moved 0 existing cell
INFO: [Physopt 32-65] No nets found for high-fanout optimization.
INFO: [Physopt 32-232] Optimized 0 net. Created 0 new instance.
INFO: [Physopt 32-775] End 1 Pass. Optimized 0 net or cell. Created 0 new cell, deleted 0 existing cell and moved 0 existing cell
INFO: [Physopt 32-670] No setup violation found.  DSP Register Optimization was not performed.
INFO: [Physopt 32-670] No setup violation found.  Shift Register to Pipeline Optimization was not performed.
INFO: [Physopt 32-670] No setup violation found.  Shift Register Optimization was not performed.
INFO: [Physopt 32-670] No setup violation found.  BRAM Register Optimization was not performed.
INFO: [Physopt 32-670] No setup violation found.  URAM Register Optimization was not performed.
INFO: [Physopt 32-949] No candidate nets found for dynamic/static region interface net replication
INFO: [Physopt 32-775] End 1 Pass. Optimized 0 net or cell. Created 0 new cell, deleted 0 existing cell and moved 0 existing cell
Netlist sorting complete. Time (s): cpu = 00:00:00 ; elapsed = 00:00:00.001 . Memory (MB): peak = 1617.430 ; gain = 0.000

Summary of Physical Synthesis Optimizations
============================================


-----------------------------------------------------------------------------------------------------------------------------------------------------------
|  Optimization                                     |  Added Cells  |  Removed Cells  |  Optimized Cells/Nets  |  Dont Touch  |  Iterations  |  Elapsed   |
-----------------------------------------------------------------------------------------------------------------------------------------------------------
|  LUT Combining                                    |            0  |              4  |                     4  |           0  |           1  |  00:00:00  |
|  Very High Fanout                                 |            0  |              0  |                     0  |           0  |           1  |  00:00:00  |
|  DSP Register                                     |            0  |              0  |                     0  |           0  |           0  |  00:00:00  |
|  Shift Register to Pipeline                       |            0  |              0  |                     0  |           0  |           0  |  00:00:00  |
|  Shift Register                                   |            0  |              0  |                     0  |           0  |           0  |  00:00:00  |
|  BRAM Register                                    |            0  |              0  |                     0  |           0  |           0  |  00:00:00  |
|  URAM Register                                    |            0  |              0  |                     0  |           0  |           0  |  00:00:00  |
|  Dynamic/Static Region Interface Net Replication  |            0  |              0  |                     0  |           0  |           1  |  00:00:00  |
|  Total                                            |            0  |              4  |                     4  |           0  |           3  |  00:00:00  |
-----------------------------------------------------------------------------------------------------------------------------------------------------------


Phase 2.3.1 Physical Synthesis In Placer | Checksum: 156989e27

Time (s): cpu = 00:00:02 ; elapsed = 00:00:03 . Memory (MB): peak = 1617.430 ; gain = 0.000
Phase 2.3 Global Placement Core | Checksum: 1be11880c

Time (s): cpu = 00:00:02 ; elapsed = 00:00:04 . Memory (MB): peak = 1617.430 ; gain = 0.000
Phase 2 Global Placement | Checksum: 1be11880c

Time (s): cpu = 00:00:02 ; elapsed = 00:00:04 . Memory (MB): peak = 1617.430 ; gain = 0.000

Phase 3 Detail Placement

Phase 3.1 Commit Multi Column Macros
Phase 3.1 Commit Multi Column Macros | Checksum: 16af169d1

Time (s): cpu = 00:00:02 ; elapsed = 00:00:04 . Memory (MB): peak = 1617.430 ; gain = 0.000

Phase 3.2 Commit Most Macros & LUTRAMs
Phase 3.2 Commit Most Macros & LUTRAMs | Checksum: e44dac1d

Time (s): cpu = 00:00:02 ; elapsed = 00:00:04 . Memory (MB): peak = 1617.430 ; gain = 0.000

Phase 3.3 Area Swap Optimization
Phase 3.3 Area Swap Optimization | Checksum: c22316a6

Time (s): cpu = 00:00:02 ; elapsed = 00:00:04 . Memory (MB): peak = 1617.430 ; gain = 0.000

Phase 3.4 Pipeline Register Optimization
Phase 3.4 Pipeline Register Optimization | Checksum: e992b8ce

Time (s): cpu = 00:00:02 ; elapsed = 00:00:04 . Memory (MB): peak = 1617.430 ; gain = 0.000

Phase 3.5 Small Shape Detail Placement
Phase 3.5 Small Shape Detail Placement | Checksum: 182e6111a

Time (s): cpu = 00:00:03 ; elapsed = 00:00:04 . Memory (MB): peak = 1617.430 ; gain = 0.000

Phase 3.6 Re-assign LUT pins
Phase 3.6 Re-assign LUT pins | Checksum: 23898d945

Time (s): cpu = 00:00:03 ; elapsed = 00:00:04 . Memory (MB): peak = 1617.430 ; gain = 0.000

Phase 3.7 Pipeline Register Optimization
Phase 3.7 Pipeline Register Optimization | Checksum: 21189bb5d

Time (s): cpu = 00:00:03 ; elapsed = 00:00:04 . Memory (MB): peak = 1617.430 ; gain = 0.000
Phase 3 Detail Placement | Checksum: 21189bb5d

Time (s): cpu = 00:00:03 ; elapsed = 00:00:04 . Memory (MB): peak = 1617.430 ; gain = 0.000

Phase 4 Post Placement Optimization and Clean-Up

Phase 4.1 Post Commit Optimization
INFO: [Timing 38-35] Done setting XDC timing constraints.

Phase 4.1.1 Post Placement Optimization
Post Placement Optimization Initialization | Checksum: 2017fe051

Phase 4.1.1.1 BUFG Insertion

Starting Physical Synthesis Task

Phase 1 Physical Synthesis Initialization
INFO: [Physopt 32-721] Multithreading enabled for phys_opt_design using a maximum of 8 CPUs
INFO: [Physopt 32-619] Estimated Timing Summary | WNS=6.432 | TNS=0.000 |
Phase 1 Physical Synthesis Initialization | Checksum: 18d64846e

Time (s): cpu = 00:00:00 ; elapsed = 00:00:00.018 . Memory (MB): peak = 1617.430 ; gain = 0.000
INFO: [Place 46-56] BUFG insertion identified 0 candidate nets. Inserted BUFG: 0, Replicated BUFG Driver: 0, Skipped due to Placement/Routing Conflicts: 0, Skipped due to Timing Degradation: 0, Skipped due to Illegal Netlist: 0.
Ending Physical Synthesis Task | Checksum: 17c115e98

Time (s): cpu = 00:00:00 ; elapsed = 00:00:00.021 . Memory (MB): peak = 1617.430 ; gain = 0.000
Phase 4.1.1.1 BUFG Insertion | Checksum: 2017fe051

Time (s): cpu = 00:00:03 ; elapsed = 00:00:04 . Memory (MB): peak = 1617.430 ; gain = 0.000
INFO: [Place 30-746] Post Placement Timing Summary WNS=6.432. For the most accurate timing information please run report_timing.

Time (s): cpu = 00:00:03 ; elapsed = 00:00:04 . Memory (MB): peak = 1617.430 ; gain = 0.000
Phase 4.1 Post Commit Optimization | Checksum: 1954549c9

Time (s): cpu = 00:00:03 ; elapsed = 00:00:04 . Memory (MB): peak = 1617.430 ; gain = 0.000

Phase 4.2 Post Placement Cleanup
Phase 4.2 Post Placement Cleanup | Checksum: 1954549c9

Time (s): cpu = 00:00:03 ; elapsed = 00:00:04 . Memory (MB): peak = 1617.430 ; gain = 0.000

Phase 4.3 Placer Reporting

Phase 4.3.1 Print Estimated Congestion
INFO: [Place 30-612] Post-Placement Estimated Congestion 
 ____________________________________________________
|           | Global Congestion | Short Congestion  |
| Direction | Region Size       | Region Size       |
|___________|___________________|___________________|
|      North|                1x1|                1x1|
|___________|___________________|___________________|
|      South|                1x1|                1x1|
|___________|___________________|___________________|
|       East|                1x1|                1x1|
|___________|___________________|___________________|
|       West|                1x1|                1x1|
|___________|___________________|___________________|

Phase 4.3.1 Print Estimated Congestion | Checksum: 1954549c9

Time (s): cpu = 00:00:03 ; elapsed = 00:00:04 . Memory (MB): peak = 1617.430 ; gain = 0.000
Phase 4.3 Placer Reporting | Checksum: 1954549c9

Time (s): cpu = 00:00:03 ; elapsed = 00:00:04 . Memory (MB): peak = 1617.430 ; gain = 0.000

Phase 4.4 Final Placement Cleanup
Netlist sorting complete. Time (s): cpu = 00:00:00 ; elapsed = 00:00:00 . Memory (MB): peak = 1617.430 ; gain = 0.000

Time (s): cpu = 00:00:03 ; elapsed = 00:00:05 . Memory (MB): peak = 1617.430 ; gain = 0.000
Phase 4 Post Placement Optimization and Clean-Up | Checksum: 2145910b9

Time (s): cpu = 00:00:03 ; elapsed = 00:00:05 . Memory (MB): peak = 1617.430 ; gain = 0.000
Ending Placer Task | Checksum: 1b523640c

Time (s): cpu = 00:00:03 ; elapsed = 00:00:05 . Memory (MB): peak = 1617.430 ; gain = 0.000
INFO: [Common 17-83] Releasing license: Implementation
29 Infos, 0 Warnings, 0 Critical Warnings and 0 Errors encountered.
place_design completed successfully
place_design: Time (s): cpu = 00:00:03 ; elapsed = 00:00:05 . Memory (MB): peak = 1617.430 ; gain = 29.773
INFO: [Common 17-600] The following parameters have non-default value.
general.maxThreads
# phys_opt_design
Command: phys_opt_design
Attempting to get a license for feature 'Implementation' and/or device 'xc7a35t'
INFO: [Common 17-349] Got license for feature 'Implementation' and/or device 'xc7a35t'
INFO: [Vivado_Tcl 4-383] Design worst setup slack (WNS) is greater than or equal to 0.000 ns. Skipping all physical synthesis optimizations.
INFO: [Vivado_Tcl 4-232] No setup violation found. The netlist was not modified.
INFO: [Common 17-83] Releasing license: Implementation
4 Infos, 0 Warnings, 0 Critical Warnings and 0 Errors encountered.
phys_opt_design completed successfully
INFO: [Common 17-600] The following parameters have non-default value.
general.maxThreads
# write_checkpoint -force $outputDir/post_place
INFO: [Timing 38-480] Writing timing data to binary archive.
Writing placer database...
Writing XDEF routing.
Writing XDEF routing logical nets.
Writing XDEF routing special nets.
Write XDEF Complete: Time (s): cpu = 00:00:00 ; elapsed = 00:00:00.032 . Memory (MB): peak = 1617.430 ; gain = 0.000
INFO: [Common 17-1381] The checkpoint 'C:/Users/juric/OneDrive/Dokumenti/tt06-csit-luks/fpga/fpga_output/post_place.dcp' has been generated.
# report_timing_summary -file $outputDir/post_place_timing_summary.rpt
INFO: [Timing 38-91] UpdateTimingParams: Speed grade: -1, Delay Type: min_max.
INFO: [Timing 38-191] Multithreading enabled for timing update using a maximum of 8 CPUs
# route_design
Command: route_design
Attempting to get a license for feature 'Implementation' and/or device 'xc7a35t'
INFO: [Common 17-349] Got license for feature 'Implementation' and/or device 'xc7a35t'
Running DRC as a precondition to command route_design
INFO: [DRC 23-27] Running DRC with 8 threads
INFO: [Vivado_Tcl 4-198] DRC finished with 0 Errors
INFO: [Vivado_Tcl 4-199] Please refer to the DRC report (report_drc) for more information.


Starting Routing Task
INFO: [Route 35-254] Multithreading enabled for route_design using a maximum of 8 CPUs
Checksum: PlaceDB: ba1d1d5f ConstDB: 0 ShapeSum: fb0646ad RouteDB: 0

Phase 1 Build RT Design
Phase 1 Build RT Design | Checksum: 289f418b

Time (s): cpu = 00:00:03 ; elapsed = 00:00:10 . Memory (MB): peak = 1636.004 ; gain = 0.000
Post Restoration Checksum: NetGraph: 15e8ef4a NumContArr: 12b65241 Constraints: 0 Timing: 0

Phase 2 Router Initialization

Phase 2.1 Create Timer
Phase 2.1 Create Timer | Checksum: 289f418b

Time (s): cpu = 00:00:03 ; elapsed = 00:00:10 . Memory (MB): peak = 1636.004 ; gain = 0.000

Phase 2.2 Fix Topology Constraints
Phase 2.2 Fix Topology Constraints | Checksum: 289f418b

Time (s): cpu = 00:00:03 ; elapsed = 00:00:10 . Memory (MB): peak = 1636.004 ; gain = 0.000

Phase 2.3 Pre Route Cleanup
Phase 2.3 Pre Route Cleanup | Checksum: 289f418b

Time (s): cpu = 00:00:03 ; elapsed = 00:00:10 . Memory (MB): peak = 1636.004 ; gain = 0.000
 Number of Nodes with overlaps = 0

Phase 2.4 Update Timing
Phase 2.4 Update Timing | Checksum: 243881d1d

Time (s): cpu = 00:00:03 ; elapsed = 00:00:10 . Memory (MB): peak = 1636.004 ; gain = 0.000
INFO: [Route 35-416] Intermediate Timing Summary | WNS=6.412  | TNS=0.000  | WHS=-0.015 | THS=-0.072 |

Phase 2 Router Initialization | Checksum: 24c9b58ed

Time (s): cpu = 00:00:03 ; elapsed = 00:00:10 . Memory (MB): peak = 1636.004 ; gain = 0.000

Router Utilization Summary
  Global Vertical Routing Utilization    = 0 %
  Global Horizontal Routing Utilization  = 0.000260281 %
  Routable Net Status*
  *Does not include unroutable nets such as driverless and loadless.
  Run report_route_status for detailed report.
  Number of Failed Nets               = 256
    (Failed Nets is the sum of unrouted and partially routed nets)
  Number of Unrouted Nets             = 255
  Number of Partially Routed Nets     = 1
  Number of Node Overlaps             = 0


Phase 3 Initial Routing

Phase 3.1 Global Routing
Phase 3.1 Global Routing | Checksum: 24c9b58ed

Time (s): cpu = 00:00:03 ; elapsed = 00:00:10 . Memory (MB): peak = 1636.004 ; gain = 0.000
Phase 3 Initial Routing | Checksum: 1dcb50d5c

Time (s): cpu = 00:00:03 ; elapsed = 00:00:10 . Memory (MB): peak = 1636.004 ; gain = 0.000

Phase 4 Rip-up And Reroute

Phase 4.1 Global Iteration 0
 Number of Nodes with overlaps = 20
 Number of Nodes with overlaps = 0
INFO: [Route 35-416] Intermediate Timing Summary | WNS=6.216  | TNS=0.000  | WHS=N/A    | THS=N/A    |

Phase 4.1 Global Iteration 0 | Checksum: 144ed142b

Time (s): cpu = 00:00:03 ; elapsed = 00:00:10 . Memory (MB): peak = 1636.004 ; gain = 0.000
Phase 4 Rip-up And Reroute | Checksum: 144ed142b

Time (s): cpu = 00:00:03 ; elapsed = 00:00:10 . Memory (MB): peak = 1636.004 ; gain = 0.000

Phase 5 Delay and Skew Optimization

Phase 5.1 Delay CleanUp
Phase 5.1 Delay CleanUp | Checksum: 144ed142b

Time (s): cpu = 00:00:03 ; elapsed = 00:00:10 . Memory (MB): peak = 1636.004 ; gain = 0.000

Phase 5.2 Clock Skew Optimization
Phase 5.2 Clock Skew Optimization | Checksum: 144ed142b

Time (s): cpu = 00:00:03 ; elapsed = 00:00:10 . Memory (MB): peak = 1636.004 ; gain = 0.000
Phase 5 Delay and Skew Optimization | Checksum: 144ed142b

Time (s): cpu = 00:00:03 ; elapsed = 00:00:10 . Memory (MB): peak = 1636.004 ; gain = 0.000

Phase 6 Post Hold Fix

Phase 6.1 Hold Fix Iter

Phase 6.1.1 Update Timing
Phase 6.1.1 Update Timing | Checksum: d8b326dc

Time (s): cpu = 00:00:03 ; elapsed = 00:00:10 . Memory (MB): peak = 1636.004 ; gain = 0.000
INFO: [Route 35-416] Intermediate Timing Summary | WNS=6.310  | TNS=0.000  | WHS=0.248  | THS=0.000  |

Phase 6.1 Hold Fix Iter | Checksum: d8b326dc

Time (s): cpu = 00:00:03 ; elapsed = 00:00:10 . Memory (MB): peak = 1636.004 ; gain = 0.000
Phase 6 Post Hold Fix | Checksum: d8b326dc

Time (s): cpu = 00:00:03 ; elapsed = 00:00:10 . Memory (MB): peak = 1636.004 ; gain = 0.000

Phase 7 Route finalize

Router Utilization Summary
  Global Vertical Routing Utilization    = 0.0795663 %
  Global Horizontal Routing Utilization  = 0.109969 %
  Routable Net Status*
  *Does not include unroutable nets such as driverless and loadless.
  Run report_route_status for detailed report.
  Number of Failed Nets               = 0
    (Failed Nets is the sum of unrouted and partially routed nets)
  Number of Unrouted Nets             = 0
  Number of Partially Routed Nets     = 0
  Number of Node Overlaps             = 0

Phase 7 Route finalize | Checksum: d8b326dc

Time (s): cpu = 00:00:03 ; elapsed = 00:00:10 . Memory (MB): peak = 1636.004 ; gain = 0.000

Phase 8 Verifying routed nets

 Verification completed successfully
Phase 8 Verifying routed nets | Checksum: d8b326dc

Time (s): cpu = 00:00:03 ; elapsed = 00:00:10 . Memory (MB): peak = 1636.004 ; gain = 0.000

Phase 9 Depositing Routes
Phase 9 Depositing Routes | Checksum: 1cbf4a5ad

Time (s): cpu = 00:00:03 ; elapsed = 00:00:10 . Memory (MB): peak = 1636.004 ; gain = 0.000

Phase 10 Post Router Timing
INFO: [Route 35-57] Estimated Timing Summary | WNS=6.310  | TNS=0.000  | WHS=0.248  | THS=0.000  |

INFO: [Route 35-327] The final timing numbers are based on the router estimated timing analysis. For a complete and accurate timing signoff, please run report_timing_summary.
Phase 10 Post Router Timing | Checksum: 1cbf4a5ad

Time (s): cpu = 00:00:03 ; elapsed = 00:00:10 . Memory (MB): peak = 1636.004 ; gain = 0.000
INFO: [Route 35-16] Router Completed Successfully

Time (s): cpu = 00:00:03 ; elapsed = 00:00:10 . Memory (MB): peak = 1636.004 ; gain = 0.000

Routing Is Done.
INFO: [Common 17-83] Releasing license: Implementation
12 Infos, 0 Warnings, 0 Critical Warnings and 0 Errors encountered.
route_design completed successfully
route_design: Time (s): cpu = 00:00:03 ; elapsed = 00:00:11 . Memory (MB): peak = 1636.004 ; gain = 18.574
INFO: [Common 17-600] The following parameters have non-default value.
general.maxThreads
# write_checkpoint -force $outputDir/post_route
INFO: [Timing 38-480] Writing timing data to binary archive.
Writing placer database...
Writing XDEF routing.
Writing XDEF routing logical nets.
Writing XDEF routing special nets.
Write XDEF Complete: Time (s): cpu = 00:00:00 ; elapsed = 00:00:00.039 . Memory (MB): peak = 1636.004 ; gain = 0.000
INFO: [Common 17-1381] The checkpoint 'C:/Users/juric/OneDrive/Dokumenti/tt06-csit-luks/fpga/fpga_output/post_route.dcp' has been generated.
# report_timing_summary -file $outputDir/post_route_timing_summary.rpt
INFO: [Timing 38-91] UpdateTimingParams: Speed grade: -1, Delay Type: min_max.
INFO: [Timing 38-191] Multithreading enabled for timing update using a maximum of 8 CPUs
# report_timing -sort_by group -max_paths 100 -path_type summary -file $outputDir/post_route_timing.rpt
INFO: [Timing 38-91] UpdateTimingParams: Speed grade: -1, Delay Type: max.
INFO: [Timing 38-191] Multithreading enabled for timing update using a maximum of 8 CPUs
INFO: [Timing 38-78] ReportTimingParams: -max_paths 100 -nworst 1 -delay_type max -sort_by group.
# report_clock_utilization -file $outputDir/clock_util.rpt
# report_utilization -file $outputDir/post_route_util.rpt
# report_power -file $outputDir/post_route_power.rpt
Command: report_power -file ./fpga_output/post_route_power.rpt
INFO: [Power 33-23] Power model is not available for STARTUPE2_inst
Running Vector-less Activity Propagation...

Finished Running Vector-less Activity Propagation
1 Infos, 0 Warnings, 0 Critical Warnings and 0 Errors encountered.
report_power completed successfully
# report_drc -file $outputDir/post_imp_drc.rpt
Command: report_drc -file ./fpga_output/post_imp_drc.rpt
INFO: [IP_Flow 19-234] Refreshing IP repositories
INFO: [IP_Flow 19-1704] No user IP repositories specified
INFO: [IP_Flow 19-2313] Loaded Vivado IP repository 'C:/Xilinx/Vivado/2020.2/data/ip'.
INFO: [DRC 23-27] Running DRC with 8 threads
INFO: [Coretcl 2-168] The results of DRC are in file C:/Users/juric/OneDrive/Dokumenti/tt06-csit-luks/fpga/fpga_output/post_imp_drc.rpt.
report_drc completed successfully
# write_verilog -force $outputDir/fpga_netlist.v
# write_xdc -no_fixed_only -force $outputDir/fpga_impl.xdc
# write_bitstream -force $outputDir/fpga.bit
Command: write_bitstream -force ./fpga_output/fpga.bit
Attempting to get a license for feature 'Implementation' and/or device 'xc7a35t'
INFO: [Common 17-349] Got license for feature 'Implementation' and/or device 'xc7a35t'
Running DRC as a precondition to command write_bitstream
INFO: [IP_Flow 19-1839] IP Catalog is up to date.
INFO: [DRC 23-27] Running DRC with 8 threads
INFO: [Vivado 12-3199] DRC finished with 0 Errors
INFO: [Vivado 12-3200] Please refer to the DRC report (report_drc) for more information.
INFO: [Designutils 20-2272] Running write_bitstream with 8 threads.
Loading data files...
Loading site data...
Loading route data...
Processing options...
Creating bitmap...
Creating bitstream...
Bitstream compression saved 14640160 bits.
Writing bitstream ./fpga_output/fpga.bit...
INFO: [Vivado 12-1842] Bitgen Completed Successfully.
INFO: [Project 1-120] WebTalk data collection is mandatory when using a WebPACK part without a full Vivado license. To see the specific WebTalk data collected for your design, open the usage_statistics_webtalk.html or usage_statistics_webtalk.xml file in the implementation directory.
INFO: [Common 17-83] Releasing license: Implementation
9 Infos, 0 Warnings, 0 Critical Warnings and 0 Errors encountered.
write_bitstream completed successfully
write_bitstream: Time (s): cpu = 00:00:03 ; elapsed = 00:00:07 . Memory (MB): peak = 1993.395 ; gain = 274.969
INFO: [Common 17-206] Exiting Vivado at Mon Apr 15 14:49:38 2024...
